This is pdfTeX, Version 3.14159265-2.6-1.40.17 (TeX Live 2016/Arch Linux) (preloaded format=pdflatex 2016.8.18)  25 AUG 2016 09:39
entering extended mode
 restricted \write18 enabled.
 %&-line parsing enabled.
**festivalbundel
(./festivalbundel.tex
LaTeX2e <2016/03/31> patch level 1
Babel <3.9r> and hyphenation patterns for 83 language(s) loaded.
(/usr/share/texmf-dist/tex/latex/base/article.cls
Document Class: article 2014/09/29 v1.4h Standard LaTeX document class
(/usr/share/texmf-dist/tex/latex/base/size10.clo
File: size10.clo 2014/09/29 v1.4h Standard LaTeX file (size option)
)
\c@part=\count79
\c@section=\count80
\c@subsection=\count81
\c@subsubsection=\count82
\c@paragraph=\count83
\c@subparagraph=\count84
\c@figure=\count85
\c@table=\count86
\abovecaptionskip=\skip41
\belowcaptionskip=\skip42
\bibindent=\dimen102
) (./tunaChords.sty
Package: tunaChords 

(/usr/share/texmf-dist/tex/latex/geometry/geometry.sty
Package: geometry 2010/09/12 v5.6 Page Geometry

(/usr/share/texmf-dist/tex/latex/graphics/keyval.sty
Package: keyval 2014/10/28 v1.15 key=value parser (DPC)
\KV@toks@=\toks14
)
(/usr/share/texmf-dist/tex/generic/oberdiek/ifpdf.sty
Package: ifpdf 2016/05/14 v3.1 Provides the ifpdf switch
)
(/usr/share/texmf-dist/tex/generic/oberdiek/ifvtex.sty
Package: ifvtex 2016/05/16 v1.6 Detect VTeX and its facilities (HO)
Package ifvtex Info: VTeX not detected.
)
(/usr/share/texmf-dist/tex/generic/ifxetex/ifxetex.sty
Package: ifxetex 2010/09/12 v0.6 Provides ifxetex conditional
)
\Gm@cnth=\count87
\Gm@cntv=\count88
\c@Gm@tempcnt=\count89
\Gm@bindingoffset=\dimen103
\Gm@wd@mp=\dimen104
\Gm@odd@mp=\dimen105
\Gm@even@mp=\dimen106
\Gm@layoutwidth=\dimen107
\Gm@layoutheight=\dimen108
\Gm@layouthoffset=\dimen109
\Gm@layoutvoffset=\dimen110
\Gm@dimlist=\toks15
)
(/usr/share/texmf-dist/tex/latex/fancyhdr/fancyhdr.sty
\fancy@headwidth=\skip43
\f@ncyO@elh=\skip44
\f@ncyO@erh=\skip45
\f@ncyO@olh=\skip46
\f@ncyO@orh=\skip47
\f@ncyO@elf=\skip48
\f@ncyO@erf=\skip49
\f@ncyO@olf=\skip50
\f@ncyO@orf=\skip51
)
(/usr/share/texmf-dist/tex/latex/base/fontenc.sty
Package: fontenc 2005/09/27 v1.99g Standard LaTeX package

(/usr/share/texmf-dist/tex/latex/base/t1enc.def
File: t1enc.def 2005/09/27 v1.99g Standard LaTeX file
LaTeX Font Info:    Redeclaring font encoding T1 on input line 48.
))
(/usr/share/texmf-dist/tex/latex/paralist/paralist.sty
Package: paralist 2015/12/30 v2.5 Extended list environments
\pltopsep=\skip52
\plpartopsep=\skip53
\plitemsep=\skip54
\plparsep=\skip55
\pl@lab=\toks16
)
(/usr/share/texmf-dist/tex/latex/tools/tabularx.sty
Package: tabularx 2016/02/03 v2.11 `tabularx' package (DPC)

(/usr/share/texmf-dist/tex/latex/tools/array.sty
Package: array 2014/10/28 v2.4c Tabular extension package (FMi)
\col@sep=\dimen111
\extrarowheight=\dimen112
\NC@list=\toks17
\extratabsurround=\skip56
\backup@length=\skip57
)
\TX@col@width=\dimen113
\TX@old@table=\dimen114
\TX@old@col=\dimen115
\TX@target=\dimen116
\TX@delta=\dimen117
\TX@cols=\count90
\TX@ftn=\toks18
)
(/usr/share/texmf-dist/tex/latex/bigfoot/suffix.sty
Package: suffix 2006/07/15 1.5a Variant command support
)
(/usr/share/texmf-dist/tex/latex/tocloft/tocloft.sty
Package: tocloft 2013/05/02 v2.3f parameterised ToC, etc., typesetting
Package tocloft Info: The document has section divisions on input line 44.
\cftparskip=\skip58
\cftbeforetoctitleskip=\skip59
\cftaftertoctitleskip=\skip60
\cftbeforepartskip=\skip61
\cftpartnumwidth=\skip62
\cftpartindent=\skip63
\cftbeforesecskip=\skip64
\cftsecindent=\skip65
\cftsecnumwidth=\skip66
\cftbeforesubsecskip=\skip67
\cftsubsecindent=\skip68
\cftsubsecnumwidth=\skip69
\cftbeforesubsubsecskip=\skip70
\cftsubsubsecindent=\skip71
\cftsubsubsecnumwidth=\skip72
\cftbeforeparaskip=\skip73
\cftparaindent=\skip74
\cftparanumwidth=\skip75
\cftbeforesubparaskip=\skip76
\cftsubparaindent=\skip77
\cftsubparanumwidth=\skip78
\cftbeforeloftitleskip=\skip79
\cftafterloftitleskip=\skip80
\cftbeforefigskip=\skip81
\cftfigindent=\skip82
\cftfignumwidth=\skip83
\c@lofdepth=\count91
\c@lotdepth=\count92
\cftbeforelottitleskip=\skip84
\cftafterlottitleskip=\skip85
\cftbeforetabskip=\skip86
\cfttabindent=\skip87
\cfttabnumwidth=\skip88
)
(/usr/share/texmf-dist/tex/latex/graphics/color.sty
Package: color 2016/06/02 v1.1d Standard LaTeX Color (DPC)

(/usr/share/texmf-dist/tex/latex/graphics-cfg/color.cfg
File: color.cfg 2016/01/02 v1.6 sample color configuration
)
Package color Info: Driver file: pdftex.def on input line 147.

(/usr/share/texmf-dist/tex/latex/pdftex-def/pdftex.def
File: pdftex.def 2016/06/17 v0.06h Graphics/color for pdfTeX

(/usr/share/texmf-dist/tex/generic/oberdiek/infwarerr.sty
Package: infwarerr 2016/05/16 v1.4 Providing info/warning/error messages (HO)
)
(/usr/share/texmf-dist/tex/generic/oberdiek/ltxcmds.sty
Package: ltxcmds 2016/05/16 v1.23 LaTeX kernel commands for general use (HO)
)
\Gread@gobject=\count93
))
(/usr/share/texmf-dist/tex/latex/xcolor/xcolor.sty
Package: xcolor 2016/05/11 v2.12 LaTeX color extensions (UK)

(/usr/share/texmf-dist/tex/latex/graphics-cfg/color.cfg
File: color.cfg 2016/01/02 v1.6 sample color configuration
)
Package xcolor Info: Package option `usenames' ignored on input line 216.
Package xcolor Info: Driver file: pdftex.def on input line 225.
LaTeX Info: Redefining \color on input line 709.
Package xcolor Info: Model `cmy' substituted by `cmy0' on input line 1348.
Package xcolor Info: Model `hsb' substituted by `rgb' on input line 1352.
Package xcolor Info: Model `RGB' extended on input line 1364.
Package xcolor Info: Model `HTML' substituted by `rgb' on input line 1366.
Package xcolor Info: Model `Hsb' substituted by `hsb' on input line 1367.
Package xcolor Info: Model `tHsb' substituted by `hsb' on input line 1368.
Package xcolor Info: Model `HSB' substituted by `hsb' on input line 1369.
Package xcolor Info: Model `Gray' substituted by `gray' on input line 1370.
Package xcolor Info: Model `wave' substituted by `hsb' on input line 1371.

(/usr/share/texmf-dist/tex/latex/graphics/dvipsnam.def
File: dvipsnam.def 2016/06/17 v3.0m Driver-dependent file (DPC,SPQR)
))
(/usr/share/texmf-dist/tex/generic/babel/babel.sty
Package: babel 2016/04/23 3.9r The Babel package

(/usr/share/texmf-dist/tex/generic/babel-dutch/dutch.ldf
Language: dutch 2005/03/30 v3.8i Dutch support from the babel system

(/usr/share/texmf-dist/tex/generic/babel/babel.def
File: babel.def 2016/04/23 3.9r Babel common definitions
\babel@savecnt=\count94
\U@D=\dimen118
)
Package babel Info: Making " an active character on input line 132.
))
(/usr/share/texmf-dist/tex/latex/units/units.sty
Package: units 1998/08/04 v0.9b Typesetting units

(/usr/share/texmf-dist/tex/latex/base/ifthen.sty
Package: ifthen 2014/09/29 v1.1c Standard LaTeX ifthen package (DPC)
)
(/usr/share/texmf-dist/tex/latex/units/nicefrac.sty
Package: nicefrac 1998/08/04 v0.9b Nice fractions
\L@UnitsRaiseDisplaystyle=\skip89
\L@UnitsRaiseTextstyle=\skip90
\L@UnitsRaiseScriptstyle=\skip91
))
(/usr/share/texmf-dist/tex/latex/marginnote/marginnote.sty
Package: marginnote 2016/06/02 v1.2 non floating margin notes for LaTeX
\c@mn@abspage=\count95
)
(/usr/share/texmf-dist/tex/latex/changepage/changepage.sty
Package: changepage 2009/10/20 v1.0c check page and change page layout
\c@cp@cntr=\count96
\cp@tempcnt=\count97
)
(/usr/share/texmf-dist/tex/latex/base/inputenc.sty
Package: inputenc 2015/03/17 v1.2c Input encoding file
\inpenc@prehook=\toks19
\inpenc@posthook=\toks20

(/usr/share/texmf-dist/tex/latex/base/utf8.def
File: utf8.def 2016/02/28 v1.1s UTF-8 support for inputenc
Now handling font encoding OML ...
... no UTF-8 mapping file for font encoding OML
Now handling font encoding T1 ...
... processing UTF-8 mapping file for font encoding T1

(/usr/share/texmf-dist/tex/latex/base/t1enc.dfu
File: t1enc.dfu 2016/02/28 v1.1s UTF-8 support for inputenc
   defining Unicode char U+00A0 (decimal 160)
   defining Unicode char U+00A1 (decimal 161)
   defining Unicode char U+00A3 (decimal 163)
   defining Unicode char U+00AB (decimal 171)
   defining Unicode char U+00AD (decimal 173)
   defining Unicode char U+00BB (decimal 187)
   defining Unicode char U+00BF (decimal 191)
   defining Unicode char U+00C0 (decimal 192)
   defining Unicode char U+00C1 (decimal 193)
   defining Unicode char U+00C2 (decimal 194)
   defining Unicode char U+00C3 (decimal 195)
   defining Unicode char U+00C4 (decimal 196)
   defining Unicode char U+00C5 (decimal 197)
   defining Unicode char U+00C6 (decimal 198)
   defining Unicode char U+00C7 (decimal 199)
   defining Unicode char U+00C8 (decimal 200)
   defining Unicode char U+00C9 (decimal 201)
   defining Unicode char U+00CA (decimal 202)
   defining Unicode char U+00CB (decimal 203)
   defining Unicode char U+00CC (decimal 204)
   defining Unicode char U+00CD (decimal 205)
   defining Unicode char U+00CE (decimal 206)
   defining Unicode char U+00CF (decimal 207)
   defining Unicode char U+00D0 (decimal 208)
   defining Unicode char U+00D1 (decimal 209)
   defining Unicode char U+00D2 (decimal 210)
   defining Unicode char U+00D3 (decimal 211)
   defining Unicode char U+00D4 (decimal 212)
   defining Unicode char U+00D5 (decimal 213)
   defining Unicode char U+00D6 (decimal 214)
   defining Unicode char U+00D8 (decimal 216)
   defining Unicode char U+00D9 (decimal 217)
   defining Unicode char U+00DA (decimal 218)
   defining Unicode char U+00DB (decimal 219)
   defining Unicode char U+00DC (decimal 220)
   defining Unicode char U+00DD (decimal 221)
   defining Unicode char U+00DE (decimal 222)
   defining Unicode char U+00DF (decimal 223)
   defining Unicode char U+00E0 (decimal 224)
   defining Unicode char U+00E1 (decimal 225)
   defining Unicode char U+00E2 (decimal 226)
   defining Unicode char U+00E3 (decimal 227)
   defining Unicode char U+00E4 (decimal 228)
   defining Unicode char U+00E5 (decimal 229)
   defining Unicode char U+00E6 (decimal 230)
   defining Unicode char U+00E7 (decimal 231)
   defining Unicode char U+00E8 (decimal 232)
   defining Unicode char U+00E9 (decimal 233)
   defining Unicode char U+00EA (decimal 234)
   defining Unicode char U+00EB (decimal 235)
   defining Unicode char U+00EC (decimal 236)
   defining Unicode char U+00ED (decimal 237)
   defining Unicode char U+00EE (decimal 238)
   defining Unicode char U+00EF (decimal 239)
   defining Unicode char U+00F0 (decimal 240)
   defining Unicode char U+00F1 (decimal 241)
   defining Unicode char U+00F2 (decimal 242)
   defining Unicode char U+00F3 (decimal 243)
   defining Unicode char U+00F4 (decimal 244)
   defining Unicode char U+00F5 (decimal 245)
   defining Unicode char U+00F6 (decimal 246)
   defining Unicode char U+00F8 (decimal 248)
   defining Unicode char U+00F9 (decimal 249)
   defining Unicode char U+00FA (decimal 250)
   defining Unicode char U+00FB (decimal 251)
   defining Unicode char U+00FC (decimal 252)
   defining Unicode char U+00FD (decimal 253)
   defining Unicode char U+00FE (decimal 254)
   defining Unicode char U+00FF (decimal 255)
   defining Unicode char U+0100 (decimal 256)
   defining Unicode char U+0101 (decimal 257)
   defining Unicode char U+0102 (decimal 258)
   defining Unicode char U+0103 (decimal 259)
   defining Unicode char U+0104 (decimal 260)
   defining Unicode char U+0105 (decimal 261)
   defining Unicode char U+0106 (decimal 262)
   defining Unicode char U+0107 (decimal 263)
   defining Unicode char U+0108 (decimal 264)
   defining Unicode char U+0109 (decimal 265)
   defining Unicode char U+010A (decimal 266)
   defining Unicode char U+010B (decimal 267)
   defining Unicode char U+010C (decimal 268)
   defining Unicode char U+010D (decimal 269)
   defining Unicode char U+010E (decimal 270)
   defining Unicode char U+010F (decimal 271)
   defining Unicode char U+0110 (decimal 272)
   defining Unicode char U+0111 (decimal 273)
   defining Unicode char U+0112 (decimal 274)
   defining Unicode char U+0113 (decimal 275)
   defining Unicode char U+0114 (decimal 276)
   defining Unicode char U+0115 (decimal 277)
   defining Unicode char U+0116 (decimal 278)
   defining Unicode char U+0117 (decimal 279)
   defining Unicode char U+0118 (decimal 280)
   defining Unicode char U+0119 (decimal 281)
   defining Unicode char U+011A (decimal 282)
   defining Unicode char U+011B (decimal 283)
   defining Unicode char U+011C (decimal 284)
   defining Unicode char U+011D (decimal 285)
   defining Unicode char U+011E (decimal 286)
   defining Unicode char U+011F (decimal 287)
   defining Unicode char U+0120 (decimal 288)
   defining Unicode char U+0121 (decimal 289)
   defining Unicode char U+0122 (decimal 290)
   defining Unicode char U+0123 (decimal 291)
   defining Unicode char U+0124 (decimal 292)
   defining Unicode char U+0125 (decimal 293)
   defining Unicode char U+0128 (decimal 296)
   defining Unicode char U+0129 (decimal 297)
   defining Unicode char U+012A (decimal 298)
   defining Unicode char U+012B (decimal 299)
   defining Unicode char U+012C (decimal 300)
   defining Unicode char U+012D (decimal 301)
   defining Unicode char U+012E (decimal 302)
   defining Unicode char U+012F (decimal 303)
   defining Unicode char U+0130 (decimal 304)
   defining Unicode char U+0131 (decimal 305)
   defining Unicode char U+0132 (decimal 306)
   defining Unicode char U+0133 (decimal 307)
   defining Unicode char U+0134 (decimal 308)
   defining Unicode char U+0135 (decimal 309)
   defining Unicode char U+0136 (decimal 310)
   defining Unicode char U+0137 (decimal 311)
   defining Unicode char U+0139 (decimal 313)
   defining Unicode char U+013A (decimal 314)
   defining Unicode char U+013B (decimal 315)
   defining Unicode char U+013C (decimal 316)
   defining Unicode char U+013D (decimal 317)
   defining Unicode char U+013E (decimal 318)
   defining Unicode char U+0141 (decimal 321)
   defining Unicode char U+0142 (decimal 322)
   defining Unicode char U+0143 (decimal 323)
   defining Unicode char U+0144 (decimal 324)
   defining Unicode char U+0145 (decimal 325)
   defining Unicode char U+0146 (decimal 326)
   defining Unicode char U+0147 (decimal 327)
   defining Unicode char U+0148 (decimal 328)
   defining Unicode char U+014A (decimal 330)
   defining Unicode char U+014B (decimal 331)
   defining Unicode char U+014C (decimal 332)
   defining Unicode char U+014D (decimal 333)
   defining Unicode char U+014E (decimal 334)
   defining Unicode char U+014F (decimal 335)
   defining Unicode char U+0150 (decimal 336)
   defining Unicode char U+0151 (decimal 337)
   defining Unicode char U+0152 (decimal 338)
   defining Unicode char U+0153 (decimal 339)
   defining Unicode char U+0154 (decimal 340)
   defining Unicode char U+0155 (decimal 341)
   defining Unicode char U+0156 (decimal 342)
   defining Unicode char U+0157 (decimal 343)
   defining Unicode char U+0158 (decimal 344)
   defining Unicode char U+0159 (decimal 345)
   defining Unicode char U+015A (decimal 346)
   defining Unicode char U+015B (decimal 347)
   defining Unicode char U+015C (decimal 348)
   defining Unicode char U+015D (decimal 349)
   defining Unicode char U+015E (decimal 350)
   defining Unicode char U+015F (decimal 351)
   defining Unicode char U+0160 (decimal 352)
   defining Unicode char U+0161 (decimal 353)
   defining Unicode char U+0162 (decimal 354)
   defining Unicode char U+0163 (decimal 355)
   defining Unicode char U+0164 (decimal 356)
   defining Unicode char U+0165 (decimal 357)
   defining Unicode char U+0168 (decimal 360)
   defining Unicode char U+0169 (decimal 361)
   defining Unicode char U+016A (decimal 362)
   defining Unicode char U+016B (decimal 363)
   defining Unicode char U+016C (decimal 364)
   defining Unicode char U+016D (decimal 365)
   defining Unicode char U+016E (decimal 366)
   defining Unicode char U+016F (decimal 367)
   defining Unicode char U+0170 (decimal 368)
   defining Unicode char U+0171 (decimal 369)
   defining Unicode char U+0172 (decimal 370)
   defining Unicode char U+0173 (decimal 371)
   defining Unicode char U+0174 (decimal 372)
   defining Unicode char U+0175 (decimal 373)
   defining Unicode char U+0176 (decimal 374)
   defining Unicode char U+0177 (decimal 375)
   defining Unicode char U+0178 (decimal 376)
   defining Unicode char U+0179 (decimal 377)
   defining Unicode char U+017A (decimal 378)
   defining Unicode char U+017B (decimal 379)
   defining Unicode char U+017C (decimal 380)
   defining Unicode char U+017D (decimal 381)
   defining Unicode char U+017E (decimal 382)
   defining Unicode char U+01CD (decimal 461)
   defining Unicode char U+01CE (decimal 462)
   defining Unicode char U+01CF (decimal 463)
   defining Unicode char U+01D0 (decimal 464)
   defining Unicode char U+01D1 (decimal 465)
   defining Unicode char U+01D2 (decimal 466)
   defining Unicode char U+01D3 (decimal 467)
   defining Unicode char U+01D4 (decimal 468)
   defining Unicode char U+01E2 (decimal 482)
   defining Unicode char U+01E3 (decimal 483)
   defining Unicode char U+01E6 (decimal 486)
   defining Unicode char U+01E7 (decimal 487)
   defining Unicode char U+01E8 (decimal 488)
   defining Unicode char U+01E9 (decimal 489)
   defining Unicode char U+01EA (decimal 490)
   defining Unicode char U+01EB (decimal 491)
   defining Unicode char U+01F0 (decimal 496)
   defining Unicode char U+01F4 (decimal 500)
   defining Unicode char U+01F5 (decimal 501)
   defining Unicode char U+0218 (decimal 536)
   defining Unicode char U+0219 (decimal 537)
   defining Unicode char U+021A (decimal 538)
   defining Unicode char U+021B (decimal 539)
   defining Unicode char U+1E02 (decimal 7682)
   defining Unicode char U+1E03 (decimal 7683)
   defining Unicode char U+200C (decimal 8204)
   defining Unicode char U+2010 (decimal 8208)
   defining Unicode char U+2011 (decimal 8209)
   defining Unicode char U+2012 (decimal 8210)
   defining Unicode char U+2013 (decimal 8211)
   defining Unicode char U+2014 (decimal 8212)
   defining Unicode char U+2015 (decimal 8213)
   defining Unicode char U+2018 (decimal 8216)
   defining Unicode char U+2019 (decimal 8217)
   defining Unicode char U+201A (decimal 8218)
   defining Unicode char U+201C (decimal 8220)
   defining Unicode char U+201D (decimal 8221)
   defining Unicode char U+201E (decimal 8222)
   defining Unicode char U+2030 (decimal 8240)
   defining Unicode char U+2031 (decimal 8241)
   defining Unicode char U+2039 (decimal 8249)
   defining Unicode char U+203A (decimal 8250)
   defining Unicode char U+2423 (decimal 9251)
)
Now handling font encoding OT1 ...
... processing UTF-8 mapping file for font encoding OT1

(/usr/share/texmf-dist/tex/latex/base/ot1enc.dfu
File: ot1enc.dfu 2016/02/28 v1.1s UTF-8 support for inputenc
   defining Unicode char U+00A0 (decimal 160)
   defining Unicode char U+00A1 (decimal 161)
   defining Unicode char U+00A3 (decimal 163)
   defining Unicode char U+00AD (decimal 173)
   defining Unicode char U+00B8 (decimal 184)
   defining Unicode char U+00BF (decimal 191)
   defining Unicode char U+00C5 (decimal 197)
   defining Unicode char U+00C6 (decimal 198)
   defining Unicode char U+00D8 (decimal 216)
   defining Unicode char U+00DF (decimal 223)
   defining Unicode char U+00E6 (decimal 230)
   defining Unicode char U+00EC (decimal 236)
   defining Unicode char U+00ED (decimal 237)
   defining Unicode char U+00EE (decimal 238)
   defining Unicode char U+00EF (decimal 239)
   defining Unicode char U+00F8 (decimal 248)
   defining Unicode char U+0131 (decimal 305)
   defining Unicode char U+0141 (decimal 321)
   defining Unicode char U+0142 (decimal 322)
   defining Unicode char U+0152 (decimal 338)
   defining Unicode char U+0153 (decimal 339)
   defining Unicode char U+0174 (decimal 372)
   defining Unicode char U+0175 (decimal 373)
   defining Unicode char U+0176 (decimal 374)
   defining Unicode char U+0177 (decimal 375)
   defining Unicode char U+0218 (decimal 536)
   defining Unicode char U+0219 (decimal 537)
   defining Unicode char U+021A (decimal 538)
   defining Unicode char U+021B (decimal 539)
   defining Unicode char U+2013 (decimal 8211)
   defining Unicode char U+2014 (decimal 8212)
   defining Unicode char U+2018 (decimal 8216)
   defining Unicode char U+2019 (decimal 8217)
   defining Unicode char U+201C (decimal 8220)
   defining Unicode char U+201D (decimal 8221)
)
Now handling font encoding OMS ...
... processing UTF-8 mapping file for font encoding OMS

(/usr/share/texmf-dist/tex/latex/base/omsenc.dfu
File: omsenc.dfu 2016/02/28 v1.1s UTF-8 support for inputenc
   defining Unicode char U+00A7 (decimal 167)
   defining Unicode char U+00B6 (decimal 182)
   defining Unicode char U+00B7 (decimal 183)
   defining Unicode char U+2020 (decimal 8224)
   defining Unicode char U+2021 (decimal 8225)
   defining Unicode char U+2022 (decimal 8226)
)
Now handling font encoding OMX ...
... no UTF-8 mapping file for font encoding OMX
Now handling font encoding U ...
... no UTF-8 mapping file for font encoding U
   defining Unicode char U+00A9 (decimal 169)
   defining Unicode char U+00AA (decimal 170)
   defining Unicode char U+00AE (decimal 174)
   defining Unicode char U+00BA (decimal 186)
   defining Unicode char U+02C6 (decimal 710)
   defining Unicode char U+02DC (decimal 732)
   defining Unicode char U+200C (decimal 8204)
   defining Unicode char U+2026 (decimal 8230)
   defining Unicode char U+2122 (decimal 8482)
   defining Unicode char U+2423 (decimal 9251)
))
(/usr/share/texmf-dist/tex/latex/l3packages/xparse/xparse.sty
(/usr/share/texmf-dist/tex/latex/l3kernel/expl3.sty
Package: expl3 2016/05/18 v6512 L3 programming layer (loader) 

(/usr/share/texmf-dist/tex/latex/l3kernel/expl3-code.tex
Package: expl3 2016/05/18 v6512 L3 programming layer (code)
L3 Module: l3bootstrap 2016/02/12 v6412 L3 Bootstrap code
L3 Module: l3names 2016/03/11 v6433 L3 Namespace for primitives
L3 Module: l3basics 2015/11/22 v6315 L3 Basic definitions
L3 Module: l3expan 2015/09/10 v5983 L3 Argument expansion
L3 Module: l3tl 2016/03/26 v6465 L3 Token lists
L3 Module: l3str 2016/03/24 v6441 L3 Strings
L3 Module: l3seq 2015/08/05 v5777 L3 Sequences and stacks
L3 Module: l3int 2016/03/24 v6441 L3 Integers
\c_max_int=\count98
\l_tmpa_int=\count99
\l_tmpb_int=\count100
\g_tmpa_int=\count101
\g_tmpb_int=\count102
L3 Module: l3quark 2015/08/17 v5855 L3 Quarks
L3 Module: l3prg 2015/11/01 v6216 L3 Control structures
\g__prg_map_int=\count103
L3 Module: l3clist 2015/09/02 v5901 L3 Comma separated lists
L3 Module: l3token 2016/04/03 v6470 L3 Experimental token manipulation
L3 Module: l3prop 2016/01/05 v6366 L3 Property lists
L3 Module: l3msg 2016/03/26 v6464 L3 Messages
L3 Module: l3file 2016/03/25 v6458 L3 File and I/O operations
\l_iow_line_count_int=\count104
\l__iow_target_count_int=\count105
\l__iow_current_line_int=\count106
\l__iow_current_word_int=\count107
\l__iow_current_indentation_int=\count108
L3 Module: l3skip 2016/01/05 v6366 L3 Dimensions and skips
\c_zero_dim=\dimen119
\c_max_dim=\dimen120
\l_tmpa_dim=\dimen121
\l_tmpb_dim=\dimen122
\g_tmpa_dim=\dimen123
\g_tmpb_dim=\dimen124
\c_zero_skip=\skip92
\c_max_skip=\skip93
\l_tmpa_skip=\skip94
\l_tmpb_skip=\skip95
\g_tmpa_skip=\skip96
\g_tmpb_skip=\skip97
\c_zero_muskip=\muskip10
\c_max_muskip=\muskip11
\l_tmpa_muskip=\muskip12
\l_tmpb_muskip=\muskip13
\g_tmpa_muskip=\muskip14
\g_tmpb_muskip=\muskip15
L3 Module: l3keys 2015/11/17 v6284 L3 Key-value interfaces
\g__keyval_level_int=\count109
\l_keys_choice_int=\count110
L3 Module: l3fp 2016/03/26 v6465 L3 Floating points
\c__fp_leading_shift_int=\count111
\c__fp_middle_shift_int=\count112
\c__fp_trailing_shift_int=\count113
\c__fp_big_leading_shift_int=\count114
\c__fp_big_middle_shift_int=\count115
\c__fp_big_trailing_shift_int=\count116
\c__fp_Bigg_leading_shift_int=\count117
\c__fp_Bigg_middle_shift_int=\count118
\c__fp_Bigg_trailing_shift_int=\count119
L3 Module: l3box 2015/08/09 v5822 L3 Experimental boxes
\c_empty_box=\box26
\l_tmpa_box=\box27
\l_tmpb_box=\box28
\g_tmpa_box=\box29
\g_tmpb_box=\box30
L3 Module: l3coffins 2016/05/17 v6508 L3 Coffin code layer
\l__coffin_internal_box=\box31
\l__coffin_internal_dim=\dimen125
\l__coffin_offset_x_dim=\dimen126
\l__coffin_offset_y_dim=\dimen127
\l__coffin_x_dim=\dimen128
\l__coffin_y_dim=\dimen129
\l__coffin_x_prime_dim=\dimen130
\l__coffin_y_prime_dim=\dimen131
\c_empty_coffin=\box32
\l__coffin_aligned_coffin=\box33
\l__coffin_aligned_internal_coffin=\box34
\l_tmpa_coffin=\box35
\l_tmpb_coffin=\box36
\l__coffin_display_coffin=\box37
\l__coffin_display_coord_coffin=\box38
\l__coffin_display_pole_coffin=\box39
\l__coffin_display_offset_dim=\dimen132
\l__coffin_display_x_dim=\dimen133
\l__coffin_display_y_dim=\dimen134
L3 Module: l3color 2014/08/23 v5354 L3 Experimental color support
L3 Module: l3sys 2015/09/25 v6087 L3 Experimental system/runtime functions
L3 Module: l3candidates 2016/05/13 v6484 L3 Experimental additions to l3kernel
\l__box_top_dim=\dimen135
\l__box_bottom_dim=\dimen136
\l__box_left_dim=\dimen137
\l__box_right_dim=\dimen138
\l__box_top_new_dim=\dimen139
\l__box_bottom_new_dim=\dimen140
\l__box_left_new_dim=\dimen141
\l__box_right_new_dim=\dimen142
\l__box_internal_box=\box40
\l__coffin_bounding_shift_dim=\dimen143
\l__coffin_left_corner_dim=\dimen144
\l__coffin_right_corner_dim=\dimen145
\l__coffin_bottom_corner_dim=\dimen146
\l__coffin_top_corner_dim=\dimen147
\l__coffin_scaled_total_height_dim=\dimen148
\l__coffin_scaled_width_dim=\dimen149
L3 Module: l3luatex 2016/03/26 v6465 L3 Experimental LuaTeX-specific functions
)
(/usr/share/texmf-dist/tex/latex/l3kernel/l3pdfmode.def
File: l3pdfmode.def 2016/03/26 v6465 L3 Experimental driver: PDF mode
\l__driver_color_stack_int=\count120
\l__driver_tmp_box=\box41
))
Package: xparse 2016/05/18 v6512 L3 Experimental document command parser
\l__xparse_current_arg_int=\count121
\l__xparse_m_args_int=\count122
\l__xparse_mandatory_args_int=\count123
\l__xparse_processor_int=\count124
\l__xparse_v_nesting_int=\count125
)
(/usr/share/texmf-dist/tex/latex/etoolbox/etoolbox.sty
Package: etoolbox 2015/08/02 v2.2a e-TeX tools for LaTeX (JAW)
\etb@tempcnta=\count126
)
(/usr/share/texmf-dist/tex/latex/fp/fp.sty
Package: fp 1995/04/02

`Fixed Point Package', Version 0.8, April 2, 1995 (C) Michael Mehlich
(/usr/share/texmf-dist/tex/latex/fp/defpattern.sty
Package: defpattern 1994/10/12
\actioncount=\count127
)
(/usr/share/texmf-dist/tex/latex/fp/fp-basic.sty
Package: fp-basic 1996/05/13
\FP@xs=\count128
\FP@xia=\count129
\FP@xib=\count130
\FP@xfa=\count131
\FP@xfb=\count132
\FP@rega=\count133
\FP@regb=\count134
\FP@regs=\count135
\FP@times=\count136
)
(/usr/share/texmf-dist/tex/latex/fp/fp-addons.sty
Package: fp-addons 1995/03/15
)
(/usr/share/texmf-dist/tex/latex/fp/fp-snap.sty
Package: fp-snap 1995/04/05
)
(/usr/share/texmf-dist/tex/latex/fp/fp-exp.sty
Package: fp-exp 1995/04/03
)
(/usr/share/texmf-dist/tex/latex/fp/fp-trigo.sty
Package: fp-trigo 1995/04/14
)
(/usr/share/texmf-dist/tex/latex/fp/fp-pas.sty
Package: fp-pas 1994/08/29
)
(/usr/share/texmf-dist/tex/latex/fp/fp-random.sty
Package: fp-random 1995/02/23
\FPseed=\count137
)
(/usr/share/texmf-dist/tex/latex/fp/fp-eqn.sty
Package: fp-eqn 1995/04/03
)
(/usr/share/texmf-dist/tex/latex/fp/fp-upn.sty
Package: fp-upn 1996/10/21
)
(/usr/share/texmf-dist/tex/latex/fp/fp-eval.sty
Package: fp-eval 1995/04/03
))
(/usr/share/texmf-dist/tex/latex/float/float.sty
Package: float 2001/11/08 v1.3d Float enhancements (AL)
\c@float@type=\count138
\float@exts=\toks21
\float@box=\box42
\@float@everytoks=\toks22
\@floatcapt=\box43
)
(/usr/share/texmf-dist/tex/latex/colortbl/colortbl.sty
Package: colortbl 2012/02/13 v1.0a Color table columns (DPC)
\everycr=\toks23
\minrowclearance=\skip98
)
(/usr/share/texmf-dist/tex/latex/comment/comment.sty
\CommentStream=\write3

Excluding comment 'comment')
(/usr/share/texmf-dist/tex/latex/hyperref/hyperref.sty
Package: hyperref 2016/05/21 v6.83p Hypertext links for LaTeX

(/usr/share/texmf-dist/tex/generic/oberdiek/hobsub-hyperref.sty
Package: hobsub-hyperref 2016/05/16 v1.14 Bundle oberdiek, subset hyperref (HO)


(/usr/share/texmf-dist/tex/generic/oberdiek/hobsub-generic.sty
Package: hobsub-generic 2016/05/16 v1.14 Bundle oberdiek, subset generic (HO)
Package: hobsub 2016/05/16 v1.14 Construct package bundles (HO)
Package hobsub Info: Skipping package `infwarerr' (already loaded).
Package hobsub Info: Skipping package `ltxcmds' (already loaded).
Package: ifluatex 2016/05/16 v1.4 Provides the ifluatex switch (HO)
Package ifluatex Info: LuaTeX not detected.
Package hobsub Info: Skipping package `ifvtex' (already loaded).
Package: intcalc 2016/05/16 v1.2 Expandable calculations with integers (HO)
Package hobsub Info: Skipping package `ifpdf' (already loaded).
Package: etexcmds 2016/05/16 v1.6 Avoid name clashes with e-TeX commands (HO)
Package etexcmds Info: Could not find \expanded.
(etexcmds)             That can mean that you are not using pdfTeX 1.50 or
(etexcmds)             that some package has redefined \expanded.
(etexcmds)             In the latter case, load this package earlier.
Package: kvsetkeys 2016/05/16 v1.17 Key value parser (HO)
Package: kvdefinekeys 2016/05/16 v1.4 Define keys (HO)
Package: pdftexcmds 2016/05/21 v0.22 Utility functions of pdfTeX for LuaTeX (HO
)
Package pdftexcmds Info: LuaTeX not detected.
Package pdftexcmds Info: \pdf@primitive is available.
Package pdftexcmds Info: \pdf@ifprimitive is available.
Package pdftexcmds Info: \pdfdraftmode found.
Package: pdfescape 2016/05/16 v1.14 Implements pdfTeX's escape features (HO)
Package: bigintcalc 2016/05/16 v1.4 Expandable calculations on big integers (HO
)
Package: bitset 2016/05/16 v1.2 Handle bit-vector datatype (HO)
Package: uniquecounter 2016/05/16 v1.3 Provide unlimited unique counter (HO)
)
Package hobsub Info: Skipping package `hobsub' (already loaded).
Package: letltxmacro 2016/05/16 v1.5 Let assignment for LaTeX macros (HO)
Package: hopatch 2016/05/16 v1.3 Wrapper for package hooks (HO)
Package: xcolor-patch 2016/05/16 xcolor patch
Package: atveryend 2016/05/16 v1.9 Hooks at the very end of document (HO)
Package: atbegshi 2016/06/09 v1.18 At begin shipout hook (HO)
Package: refcount 2016/05/16 v3.5 Data extraction from label references (HO)
Package: hycolor 2016/05/16 v1.8 Color options for hyperref/bookmark (HO)
)
(/usr/share/texmf-dist/tex/latex/oberdiek/auxhook.sty
Package: auxhook 2016/05/16 v1.4 Hooks for auxiliary files (HO)
)
(/usr/share/texmf-dist/tex/latex/oberdiek/kvoptions.sty
Package: kvoptions 2016/05/16 v3.12 Key value format for package options (HO)
)
\@linkdim=\dimen150
\Hy@linkcounter=\count139
\Hy@pagecounter=\count140

(/usr/share/texmf-dist/tex/latex/hyperref/pd1enc.def
File: pd1enc.def 2016/05/21 v6.83p Hyperref: PDFDocEncoding definition (HO)
Now handling font encoding PD1 ...
... no UTF-8 mapping file for font encoding PD1
)
\Hy@SavedSpaceFactor=\count141

(/usr/share/texmf-dist/tex/latex/latexconfig/hyperref.cfg
File: hyperref.cfg 2002/06/06 v1.2 hyperref configuration of TeXLive
)
Package hyperref Info: Hyper figures OFF on input line 4486.
Package hyperref Info: Link nesting OFF on input line 4491.
Package hyperref Info: Hyper index ON on input line 4494.
Package hyperref Info: Plain pages OFF on input line 4501.
Package hyperref Info: Backreferencing OFF on input line 4506.
Package hyperref Info: Implicit mode ON; LaTeX internals redefined.
Package hyperref Info: Bookmarks ON on input line 4735.
\c@Hy@tempcnt=\count142

(/usr/share/texmf-dist/tex/latex/url/url.sty
\Urlmuskip=\muskip16
Package: url 2013/09/16  ver 3.4  Verb mode for urls, etc.
)
LaTeX Info: Redefining \url on input line 5088.
\XeTeXLinkMargin=\dimen151
\Fld@menulength=\count143
\Field@Width=\dimen152
\Fld@charsize=\dimen153
Package hyperref Info: Hyper figures OFF on input line 6342.
Package hyperref Info: Link nesting OFF on input line 6347.
Package hyperref Info: Hyper index ON on input line 6350.
Package hyperref Info: backreferencing OFF on input line 6357.
Package hyperref Info: Link coloring OFF on input line 6362.
Package hyperref Info: Link coloring with OCG OFF on input line 6367.
Package hyperref Info: PDF/A mode OFF on input line 6372.
LaTeX Info: Redefining \ref on input line 6412.
LaTeX Info: Redefining \pageref on input line 6416.
\Hy@abspage=\count144
\c@Item=\count145
\c@Hfootnote=\count146
)

Package hyperref Message: Driver (autodetected): hpdftex.

(/usr/share/texmf-dist/tex/latex/hyperref/hpdftex.def
File: hpdftex.def 2016/05/21 v6.83p Hyperref driver for pdfTeX
\Fld@listcount=\count147
\c@bookmark@seq@number=\count148

(/usr/share/texmf-dist/tex/latex/oberdiek/rerunfilecheck.sty
Package: rerunfilecheck 2016/05/16 v1.8 Rerun checks for auxiliary files (HO)
Package uniquecounter Info: New unique counter `rerunfilecheck' on input line 2
82.
)
\Hy@SectionHShift=\skip99
)
(/usr/share/texmf-dist/tex/latex/ms/multitoc.sty
Package: multitoc 1999/06/08 v2.01 MultiToc Package (MS)

(/usr/share/texmf-dist/tex/latex/tools/multicol.sty
Package: multicol 2016/04/07 v1.8p multicolumn formatting (FMi)
\c@tracingmulticols=\count149
\mult@box=\box44
\multicol@leftmargin=\dimen154
\c@unbalance=\count150
\c@collectmore=\count151
\doublecol@number=\count152
\multicoltolerance=\count153
\multicolpretolerance=\count154
\full@width=\dimen155
\page@free=\dimen156
\premulticols=\dimen157
\postmulticols=\dimen158
\multicolsep=\skip100
\multicolbaselineskip=\skip101
\partial@page=\box45
\last@line=\box46
\maxbalancingoverflow=\dimen159
\mult@rightbox=\box47
\mult@grightbox=\box48
\mult@gfirstbox=\box49
\mult@firstbox=\box50
\@tempa=\box51
\@tempa=\box52
\@tempa=\box53
\@tempa=\box54
\@tempa=\box55
\@tempa=\box56
\@tempa=\box57
\@tempa=\box58
\@tempa=\box59
\@tempa=\box60
\@tempa=\box61
\@tempa=\box62
\@tempa=\box63
\@tempa=\box64
\@tempa=\box65
\@tempa=\box66
\@tempa=\box67
\c@columnbadness=\count155
\c@finalcolumnbadness=\count156
\last@try=\dimen160
\multicolovershoot=\dimen161
\multicolundershoot=\dimen162
\mult@nat@firstbox=\box68
\colbreak@box=\box69
\mc@col@check@num=\count157
))
(/usr/share/texmf-dist/tex/latex/graphics/graphicx.sty
Package: graphicx 2014/10/28 v1.0g Enhanced LaTeX Graphics (DPC,SPQR)

(/usr/share/texmf-dist/tex/latex/graphics/graphics.sty
Package: graphics 2016/06/02 v1.0s Standard LaTeX Graphics (DPC,SPQR)

(/usr/share/texmf-dist/tex/latex/graphics/trig.sty
Package: trig 2016/01/03 v1.10 sin cos tan (DPC)
)
(/usr/share/texmf-dist/tex/latex/graphics-cfg/graphics.cfg
File: graphics.cfg 2016/06/04 v1.11 sample graphics configuration
)
Package graphics Info: Driver file: pdftex.def on input line 99.
)
\Gin@req@height=\dimen163
\Gin@req@width=\dimen164
)
(/usr/share/texmf-dist/tex/latex/titlesec/titlesec.sty
Package: titlesec 2016/03/21 v2.10.2 Sectioning titles
\ttl@box=\box70
\beforetitleunit=\skip102
\aftertitleunit=\skip103
\ttl@plus=\dimen165
\ttl@minus=\dimen166
\ttl@toksa=\toks24
\titlewidth=\dimen167
\titlewidthlast=\dimen168
\titlewidthfirst=\dimen169
)
(/usr/share/texmf-dist/tex/latex/harmony/harmony.sty
Package: harmony 2007/05/04

(/usr/share/texmf-dist/tex/latex/amsfonts/amssymb.sty
Package: amssymb 2013/01/14 v3.01 AMS font symbols

(/usr/share/texmf-dist/tex/latex/amsfonts/amsfonts.sty
Package: amsfonts 2013/01/14 v3.01 Basic AMSFonts support
\@emptytoks=\toks25
\symAMSa=\mathgroup4
\symAMSb=\mathgroup5
LaTeX Font Info:    Overwriting math alphabet `\mathfrak' in version `bold'
(Font)                  U/euf/m/n --> U/euf/b/n on input line 106.
))
\tmpdima=\dimen170
\tmpdimb=\dimen171
\tmpdimc=\dimen172
\tmpdimd=\dimen173
\tmpdime=\dimen174
\nbxa=\box71
\nbxb=\box72
\nbxc=\box73
\nbxd=\box74
\nbxe=\box75
\nbxf=\box76
\nbxg=\box77
\nbxh=\box78
\nbxi=\box79
)
\c@songs=\count158
\c@measures=\count159
\c@measurerows=\count160
\c@forloopI=\count161
\vindent=\skip104
\instrumentalwidth=\skip105
\myoddoffset=\skip106
\vnoffset=\skip107
\wlskip=\skip108
.................................................
. LaTeX info: "xparse/define-command"
. 
. Defining command \chord with sig. 's m' on line 190.
.................................................
.................................................
. LaTeX info: "xparse/define-environment"
. 
. Defining environment 'song' with sig. 's O{default} m' on line 241.
.................................................
.................................................
. LaTeX info: "xparse/define-environment"
. 
. Defining environment 'instrumental' with sig. 'm O{8}' on line 276.
.................................................

Excluding comment 'translation'
.................................................
. LaTeX info: "xparse/define-command"
. 
. Defining command \notition with sig. 'm' on line 297.
.................................................


Package hyperref Warning: Option `bookmarks' has already been used,
(hyperref)                setting the option has no effect on input line 353.

Package hyperref Info: Option `unicode' set `true' on input line 353.
(/usr/share/texmf-dist/tex/latex/hyperref/puenc.def
File: puenc.def 2016/05/21 v6.83p Hyperref: PDF Unicode definition (HO)
Now handling font encoding PU ...
... no UTF-8 mapping file for font encoding PU
)
Package hyperref Info: Option `pdftoolbar' set `false' on input line 353.
Package hyperref Info: Option `pdfmenubar' set `true' on input line 353.
Package hyperref Info: Option `pdffitwindow' set `true' on input line 353.
Package hyperref Info: Option `pdfnewwindow' set `true' on input line 353.
Package hyperref Info: Option `colorlinks' set `true' on input line 353.
) (./festivalbundel.aux)
\openout1 = `festivalbundel.aux'.

LaTeX Font Info:    Checking defaults for OML/cmm/m/it on input line 5.
LaTeX Font Info:    ... okay on input line 5.
LaTeX Font Info:    Checking defaults for T1/cmr/m/n on input line 5.
LaTeX Font Info:    ... okay on input line 5.
LaTeX Font Info:    Checking defaults for OT1/cmr/m/n on input line 5.
LaTeX Font Info:    ... okay on input line 5.
LaTeX Font Info:    Checking defaults for OMS/cmsy/m/n on input line 5.
LaTeX Font Info:    ... okay on input line 5.
LaTeX Font Info:    Checking defaults for OMX/cmex/m/n on input line 5.
LaTeX Font Info:    ... okay on input line 5.
LaTeX Font Info:    Checking defaults for U/cmr/m/n on input line 5.
LaTeX Font Info:    ... okay on input line 5.
LaTeX Font Info:    Checking defaults for PD1/pdf/m/n on input line 5.
LaTeX Font Info:    ... okay on input line 5.
LaTeX Font Info:    Checking defaults for PU/pdf/m/n on input line 5.
LaTeX Font Info:    ... okay on input line 5.
LaTeX Font Info:    Try loading font information for T1+phv on input line 5.

(/usr/share/texmf-dist/tex/latex/psnfss/t1phv.fd
File: t1phv.fd 2001/06/04 scalable font definitions for T1/phv.
)
*geometry* driver: auto-detecting
*geometry* detected driver: pdftex
*geometry* verbose mode - [ preamble ] result:
* driver: pdftex
* paper: a4paper
* layout: <same size as paper>
* layoutoffset:(h,v)=(0.0pt,0.0pt)
* modes: twoside 
* h-part:(L,W,R)=(71.70166pt, 418.25368pt, 107.55254pt)
* v-part:(T,H,B)=(101.40665pt, 591.5302pt, 152.11pt)
* \paperwidth=597.50787pt
* \paperheight=845.04684pt
* \textwidth=420.0pt
* \textheight=700.0pt
* \oddsidemargin=15.0pt
* \evensidemargin=10.0pt
* \topmargin=-25.0pt
* \headheight=30.2pt
* \headsep=8.60901pt
* \topskip=10.0pt
* \footskip=30.0pt
* \marginparwidth=9.99756pt
* \marginparsep=49.9878pt
* \columnsep=10.0pt
* \skip\footins=9.0pt plus 4.0pt minus 2.0pt
* \hoffset=0.0pt
* \voffset=0.0pt
* \mag=1000
* \@twocolumnfalse
* \@twosidetrue
* \@mparswitchtrue
* \@reversemarginfalse
* (1in=72.27pt=25.4mm, 1cm=28.453pt)

(/usr/share/texmf-dist/tex/context/base/mkii/supp-pdf.mkii
[Loading MPS to PDF converter (version 2006.09.02).]
\scratchcounter=\count162
\scratchdimen=\dimen175
\scratchbox=\box80
\nofMPsegments=\count163
\nofMParguments=\count164
\everyMPshowfont=\toks26
\MPscratchCnt=\count165
\MPscratchDim=\dimen176
\MPnumerator=\count166
\makeMPintoPDFobject=\count167
\everyMPtoPDFconversion=\toks27
) (/usr/share/texmf-dist/tex/latex/oberdiek/epstopdf-base.sty
Package: epstopdf-base 2016/05/15 v2.6 Base part for package epstopdf

(/usr/share/texmf-dist/tex/latex/oberdiek/grfext.sty
Package: grfext 2016/05/16 v1.2 Manage graphics extensions (HO)
)
Package epstopdf-base Info: Redefining graphics rule for `.eps' on input line 4
38.
Package grfext Info: Graphics extension search list:
(grfext)             [.png,.pdf,.jpg,.mps,.jpeg,.jbig2,.jb2,.PNG,.PDF,.JPG,.JPE
G,.JBIG2,.JB2,.eps]
(grfext)             \AppendGraphicsExtensions on input line 456.

(/usr/share/texmf-dist/tex/latex/latexconfig/epstopdf-sys.cfg
File: epstopdf-sys.cfg 2010/07/13 v1.3 Configuration of (r)epstopdf for TeX Liv
e
))
Package marginnote Info: \pdfoutput not 0 or unimportant and
(marginnote)             \pdflastxpos or \lastxpos available.
(marginnote)             Extended position detection mode activated.
\AtBeginShipoutBox=\box81
Package hyperref Info: Link coloring ON on input line 5.

(/usr/share/texmf-dist/tex/latex/hyperref/nameref.sty
Package: nameref 2016/05/21 v2.44 Cross-referencing by name of section

(/usr/share/texmf-dist/tex/generic/oberdiek/gettitlestring.sty
Package: gettitlestring 2016/05/16 v1.5 Cleanup title references (HO)
)
\c@section@level=\count168
)
LaTeX Info: Redefining \ref on input line 5.
LaTeX Info: Redefining \pageref on input line 5.
LaTeX Info: Redefining \nameref on input line 5.

(./festivalbundel.out) (./festivalbundel.out)
\@outlinefile=\write4
\openout4 = `festivalbundel.out'.

LaTeX Font Info:    Font shape `T1/phv/bx/n' in size <14.4> not available
(Font)              Font shape `T1/phv/b/n' tried instead on input line 11.
 (./festivalbundel.toc
LaTeX Font Info:    Font shape `T1/phv/bx/n' in size <10> not available
(Font)              Font shape `T1/phv/b/n' tried instead on input line 2.
LaTeX Font Info:    Try loading font information for U+msa on input line 2.

(/usr/share/texmf-dist/tex/latex/amsfonts/umsa.fd
File: umsa.fd 2013/01/14 v3.01 AMS symbols A
)
LaTeX Font Info:    Try loading font information for U+msb on input line 2.

(/usr/share/texmf-dist/tex/latex/amsfonts/umsb.fd
File: umsb.fd 2013/01/14 v3.01 AMS symbols B
))
\tf@toc=\write5
\openout5 = `festivalbundel.toc'.


(./songs/tuna_de_ingenieros.tex
.................................................
. LaTeX info: "xparse/define-command"
. 
. Defining command \rhythmandkey with sig. 's O{\nicefrac {2}{4}} m m' on line
. 1.
.................................................
.................................................
. LaTeX info: "xparse/define-command"
. 
. Defining command \repetition with sig. 'm' on line 1.
.................................................
.................................................
. LaTeX info: "xparse/redefine-environment"
. 
. Redefining environment 'verse' with sig. 'm' on line 1.
.................................................
.................................................
. LaTeX info: "xparse/define-environment"
. 
. Defining environment 'sidenote' with sig. 'm O{0.5\textwidth }' on line 1.
.................................................
LaTeX Font Info:    Font shape `T1/phv/m/it' in size <10> not available
(Font)              Font shape `T1/phv/m/sl' tried instead on input line 1.
Package babel Info: Redefining dutch shorthand "|
(babel)             in language  on input line 1.
Package babel Info: Redefining dutch shorthand "~
(babel)             in language  on input line 1.
Package babel Info: Redefining dutch shorthand "|
(babel)             in language  on input line 1.
Package babel Info: Redefining dutch shorthand "~
(babel)             in language  on input line 1.
 [1{/var/lib/texmf/fonts/map/pdftex/updmap/pdftex.map}

]
Package babel Info: Redefining dutch shorthand "|
(babel)             in language  on input line 1.
Package babel Info: Redefining dutch shorthand "~
(babel)             in language  on input line 1.
LaTeX Font Info:    Font shape `T1/phv/bx/n' in size <17.28> not available
(Font)              Font shape `T1/phv/b/n' tried instead on input line 1.
.................................................
. LaTeX info: "xparse/define-command"
. 
. Defining command \insertitem with sig. 'm' on line 4.
.................................................
.................................................
. LaTeX info: "xparse/define-command"
. 
. Defining command \measure with sig. 's o >{\SplitList {;}}m o' on line 4.
.................................................
LaTeX Font Info:    Font shape `T1/phv/bx/n' in size <8> not available
(Font)              Font shape `T1/phv/b/n' tried instead on input line 5.
LaTeX Font Info:    Font shape `T1/phv/bx/n' in size <9> not available
(Font)              Font shape `T1/phv/b/n' tried instead on input line 11.

Underfull \hbox (badness 10000) in paragraph at lines 37--40

 []

Package babel Info: Redefining dutch shorthand "|
(babel)             in language  on input line 41.
Package babel Info: Redefining dutch shorthand "~
(babel)             in language  on input line 41.
Package babel Info: Redefining dutch shorthand "|
(babel)             in language  on input line 41.
Package babel Info: Redefining dutch shorthand "~
(babel)             in language  on input line 41.
[2

] Excluding 'translation' comment.) (./songs/poco_a_poco.tex
.................................................
. LaTeX info: "xparse/define-command"
. 
. Defining command \rhythmandkey with sig. 's O{\nicefrac {2}{4}} m m' on line
. 1.
.................................................
.................................................
. LaTeX info: "xparse/define-command"
. 
. Defining command \repetition with sig. 'm' on line 1.
.................................................
.................................................
. LaTeX info: "xparse/redefine-environment"
. 
. Redefining environment 'verse' with sig. 'm' on line 1.
.................................................
.................................................
. LaTeX info: "xparse/define-environment"
. 
. Defining environment 'sidenote' with sig. 'm O{0.5\textwidth }' on line 1.
.................................................
Package babel Info: Redefining dutch shorthand "|
(babel)             in language  on input line 1.
Package babel Info: Redefining dutch shorthand "~
(babel)             in language  on input line 1.
.................................................
. LaTeX info: "xparse/define-command"
. 
. Defining command \insertitem with sig. 'm' on line 4.
.................................................
.................................................
. LaTeX info: "xparse/define-command"
. 
. Defining command \measure with sig. 's o >{\SplitList {;}}m o' on line 4.
.................................................
.................................................
. LaTeX info: "xparse/define-command"
. 
. Defining command \insertitem with sig. 'm' on line 8.
.................................................
.................................................
. LaTeX info: "xparse/define-command"
. 
. Defining command \measure with sig. 's o >{\SplitList {;}}m o' on line 8.
.................................................

Underfull \hbox (badness 10000) in paragraph at lines 33--38

 []

Package babel Info: Redefining dutch shorthand "|
(babel)             in language  on input line 39.
Package babel Info: Redefining dutch shorthand "~
(babel)             in language  on input line 39.
Package babel Info: Redefining dutch shorthand "|
(babel)             in language  on input line 39.
Package babel Info: Redefining dutch shorthand "~
(babel)             in language  on input line 39.
[3


]
.................................................
. LaTeX info: "xparse/define-command"
. 
. Defining command \rhythmandkey with sig. 's O{\nicefrac {2}{4}} m m' on line
. 40.
.................................................
.................................................
. LaTeX info: "xparse/define-command"
. 
. Defining command \repetition with sig. 'm' on line 40.
.................................................
.................................................
. LaTeX info: "xparse/redefine-environment"
. 
. Redefining environment 'verse' with sig. 'm' on line 40.
.................................................
.................................................
. LaTeX info: "xparse/define-environment"
. 
. Defining environment 'sidenote' with sig. 'm O{0.5\textwidth }' on line 40.
.................................................
Package babel Info: Redefining dutch shorthand "|
(babel)             in language  on input line 40.
Package babel Info: Redefining dutch shorthand "~
(babel)             in language  on input line 40.
.................................................
. LaTeX info: "xparse/define-command"
. 
. Defining command \insertitem with sig. 'm' on line 46.
.................................................
.................................................
. LaTeX info: "xparse/define-command"
. 
. Defining command \measure with sig. 's o >{\SplitList {;}}m o' on line 46.
.................................................

Underfull \hbox (badness 10000) in paragraph at lines 51--52

 []


Underfull \hbox (badness 10000) in paragraph at lines 60--61

 []


Underfull \hbox (badness 10000) in paragraph at lines 67--68

 []

Package babel Info: Redefining dutch shorthand "|
(babel)             in language  on input line 75.
Package babel Info: Redefining dutch shorthand "~
(babel)             in language  on input line 75.
Package babel Info: Redefining dutch shorthand "|
(babel)             in language  on input line 75.
Package babel Info: Redefining dutch shorthand "~
(babel)             in language  on input line 75.
[4


] Excluding 'translation' comment. Excluding 'translation' comment.)
(./songs/bikina.tex
.................................................
. LaTeX info: "xparse/define-command"
. 
. Defining command \rhythmandkey with sig. 's O{\nicefrac {2}{4}} m m' on line
. 1.
.................................................
.................................................
. LaTeX info: "xparse/define-command"
. 
. Defining command \repetition with sig. 'm' on line 1.
.................................................
.................................................
. LaTeX info: "xparse/redefine-environment"
. 
. Redefining environment 'verse' with sig. 'm' on line 1.
.................................................
.................................................
. LaTeX info: "xparse/define-environment"
. 
. Defining environment 'sidenote' with sig. 'm O{0.5\textwidth }' on line 1.
.................................................
Package babel Info: Redefining dutch shorthand "|
(babel)             in language  on input line 1.
Package babel Info: Redefining dutch shorthand "~
(babel)             in language  on input line 1.
.................................................
. LaTeX info: "xparse/define-command"
. 
. Defining command \insertitem with sig. 'm' on line 3.
.................................................
.................................................
. LaTeX info: "xparse/define-command"
. 
. Defining command \measure with sig. 's o >{\SplitList {;}}m o' on line 3.
.................................................

Underfull \hbox (badness 10000) in paragraph at lines 15--19

 []


Underfull \hbox (badness 10000) in paragraph at lines 22--26

 []


Underfull \hbox (badness 10000) in paragraph at lines 29--33

 []


Underfull \hbox (badness 10000) in paragraph at lines 35--36

 []


Underfull \hbox (badness 10000) in paragraph at lines 37--40

 []


Underfull \hbox (badness 10000) in paragraph at lines 42--44

 []

Package babel Info: Redefining dutch shorthand "|
(babel)             in language  on input line 44.
Package babel Info: Redefining dutch shorthand "~
(babel)             in language  on input line 44.
Package babel Info: Redefining dutch shorthand "|
(babel)             in language  on input line 44.
Package babel Info: Redefining dutch shorthand "~
(babel)             in language  on input line 44.
[5


]
Package babel Info: Redefining dutch shorthand "|
(babel)             in language  on input line 48.
Package babel Info: Redefining dutch shorthand "~
(babel)             in language  on input line 48.
Package babel Info: Redefining dutch shorthand "|
(babel)             in language  on input line 48.
Package babel Info: Redefining dutch shorthand "~
(babel)             in language  on input line 48.
 [6] Excluding 'translation' comment.) (./songs/torero.tex
.................................................
. LaTeX info: "xparse/define-command"
. 
. Defining command \rhythmandkey with sig. 's O{\nicefrac {2}{4}} m m' on line
. 1.
.................................................
.................................................
. LaTeX info: "xparse/define-command"
. 
. Defining command \repetition with sig. 'm' on line 1.
.................................................
.................................................
. LaTeX info: "xparse/redefine-environment"
. 
. Redefining environment 'verse' with sig. 'm' on line 1.
.................................................
.................................................
. LaTeX info: "xparse/define-environment"
. 
. Defining environment 'sidenote' with sig. 'm O{0.5\textwidth }' on line 1.
.................................................
Package babel Info: Redefining dutch shorthand "|
(babel)             in language  on input line 1.
Package babel Info: Redefining dutch shorthand "~
(babel)             in language  on input line 1.
.................................................
. LaTeX info: "xparse/define-command"
. 
. Defining command \insertitem with sig. 'm' on line 4.
.................................................
.................................................
. LaTeX info: "xparse/define-command"
. 
. Defining command \measure with sig. 's o >{\SplitList {;}}m o' on line 4.
.................................................
.................................................
. LaTeX info: "xparse/define-command"
. 
. Defining command \insertitem with sig. 'm' on line 8.
.................................................
.................................................
. LaTeX info: "xparse/define-command"
. 
. Defining command \measure with sig. 's o >{\SplitList {;}}m o' on line 8.
.................................................
.................................................
. LaTeX info: "xparse/define-command"
. 
. Defining command \insertitem with sig. 'm' on line 16.
.................................................
.................................................
. LaTeX info: "xparse/define-command"
. 
. Defining command \measure with sig. 's o >{\SplitList {;}}m o' on line 16.
.................................................
.................................................
. LaTeX info: "xparse/define-command"
. 
. Defining command \insertitem with sig. 'm' on line 26.
.................................................
.................................................
. LaTeX info: "xparse/define-command"
. 
. Defining command \measure with sig. 's o >{\SplitList {;}}m o' on line 26.
.................................................
.................................................
. LaTeX info: "xparse/define-command"
. 
. Defining command \insertitem with sig. 'm' on line 30.
.................................................
.................................................
. LaTeX info: "xparse/define-command"
. 
. Defining command \measure with sig. 's o >{\SplitList {;}}m o' on line 30.
.................................................
.................................................
. LaTeX info: "xparse/define-command"
. 
. Defining command \insertitem with sig. 'm' on line 48.
.................................................
.................................................
. LaTeX info: "xparse/define-command"
. 
. Defining command \measure with sig. 's o >{\SplitList {;}}m o' on line 48.
.................................................

Underfull \hbox (badness 10000) in paragraph at lines 53--54

 []


Underfull \hbox (badness 10000) in paragraph at lines 55--56

 []

.................................................
. LaTeX info: "xparse/define-command"
. 
. Defining command \insertitem with sig. 'm' on line 57.
.................................................
.................................................
. LaTeX info: "xparse/define-command"
. 
. Defining command \measure with sig. 's o >{\SplitList {;}}m o' on line 57.
.................................................
Package babel Info: Redefining dutch shorthand "|
(babel)             in language  on input line 62.
Package babel Info: Redefining dutch shorthand "~
(babel)             in language  on input line 62.
Package babel Info: Redefining dutch shorthand "|
(babel)             in language  on input line 62.
Package babel Info: Redefining dutch shorthand "~
(babel)             in language  on input line 62.
[7


]
Package babel Info: Redefining dutch shorthand "|
(babel)             in language  on input line 62.
Package babel Info: Redefining dutch shorthand "~
(babel)             in language  on input line 62.
Package babel Info: Redefining dutch shorthand "|
(babel)             in language  on input line 62.
Package babel Info: Redefining dutch shorthand "~
(babel)             in language  on input line 62.
 [8]
Underfull \hbox (badness 10000) in paragraph at lines 63--64

 []

Excluding 'translation' comment.) (./songs/alma_llanera.tex
.................................................
. LaTeX info: "xparse/define-command"
. 
. Defining command \rhythmandkey with sig. 's O{\nicefrac {2}{4}} m m' on line
. 1.
.................................................
.................................................
. LaTeX info: "xparse/define-command"
. 
. Defining command \repetition with sig. 'm' on line 1.
.................................................
.................................................
. LaTeX info: "xparse/redefine-environment"
. 
. Redefining environment 'verse' with sig. 'm' on line 1.
.................................................
.................................................
. LaTeX info: "xparse/define-environment"
. 
. Defining environment 'sidenote' with sig. 'm O{0.5\textwidth }' on line 1.
.................................................
Package babel Info: Redefining dutch shorthand "|
(babel)             in language  on input line 1.
Package babel Info: Redefining dutch shorthand "~
(babel)             in language  on input line 1.
Package babel Info: Redefining dutch shorthand "|
(babel)             in language  on input line 1.
Package babel Info: Redefining dutch shorthand "~
(babel)             in language  on input line 1.
 [9

]
Package babel Info: Redefining dutch shorthand "|
(babel)             in language  on input line 1.
Package babel Info: Redefining dutch shorthand "~
(babel)             in language  on input line 1.

Underfull \hbox (badness 10000) in paragraph at lines 3--7

 []

.................................................
. LaTeX info: "xparse/define-command"
. 
. Defining command \insertitem with sig. 'm' on line 8.
.................................................
.................................................
. LaTeX info: "xparse/define-command"
. 
. Defining command \measure with sig. 's o >{\SplitList {;}}m o' on line 8.
.................................................

Underfull \hbox (badness 10000) in paragraph at lines 13--18

 []


Underfull \hbox (badness 10000) in paragraph at lines 21--26

 []


Underfull \hbox (badness 10000) in paragraph at lines 38--40

 []

.................................................
. LaTeX info: "xparse/define-command"
. 
. Defining command \insertitem with sig. 'm' on line 40.
.................................................
.................................................
. LaTeX info: "xparse/define-command"
. 
. Defining command \measure with sig. 's o >{\SplitList {;}}m o' on line 40.
.................................................
Package babel Info: Redefining dutch shorthand "|
(babel)             in language  on input line 45.
Package babel Info: Redefining dutch shorthand "~
(babel)             in language  on input line 45.
Package babel Info: Redefining dutch shorthand "|
(babel)             in language  on input line 45.
Package babel Info: Redefining dutch shorthand "~
(babel)             in language  on input line 45.
[10

] Excluding 'translation' comment.) (./songs/don_quijote.tex
.................................................
. LaTeX info: "xparse/define-command"
. 
. Defining command \rhythmandkey with sig. 's O{\nicefrac {2}{4}} m m' on line
. 1.
.................................................
.................................................
. LaTeX info: "xparse/define-command"
. 
. Defining command \repetition with sig. 'm' on line 1.
.................................................
.................................................
. LaTeX info: "xparse/redefine-environment"
. 
. Redefining environment 'verse' with sig. 'm' on line 1.
.................................................
.................................................
. LaTeX info: "xparse/define-environment"
. 
. Defining environment 'sidenote' with sig. 'm O{0.5\textwidth }' on line 1.
.................................................
Package babel Info: Redefining dutch shorthand "|
(babel)             in language  on input line 1.
Package babel Info: Redefining dutch shorthand "~
(babel)             in language  on input line 1.
.................................................
. LaTeX info: "xparse/define-command"
. 
. Defining command \insertitem with sig. 'm' on line 9.
.................................................
.................................................
. LaTeX info: "xparse/define-command"
. 
. Defining command \measure with sig. 's o >{\SplitList {;}}m o' on line 9.
.................................................

Underfull \hbox (badness 10000) in paragraph at lines 16--20

 []


Underfull \hbox (badness 10000) in paragraph at lines 23--27

 []


Underfull \hbox (badness 10000) in paragraph at lines 30--34

 []

Package babel Info: Redefining dutch shorthand "|
(babel)             in language  on input line 43.
Package babel Info: Redefining dutch shorthand "~
(babel)             in language  on input line 43.
Package babel Info: Redefining dutch shorthand "|
(babel)             in language  on input line 43.
Package babel Info: Redefining dutch shorthand "~
(babel)             in language  on input line 43.
[11


]
.................................................
. LaTeX info: "xparse/define-command"
. 
. Defining command \insertitem with sig. 'm' on line 44.
.................................................
.................................................
. LaTeX info: "xparse/define-command"
. 
. Defining command \measure with sig. 's o >{\SplitList {;}}m o' on line 44.
.................................................

Underfull \hbox (badness 10000) in paragraph at lines 59--60

 []

) (./songs/san_cayetano.tex
.................................................
. LaTeX info: "xparse/define-command"
. 
. Defining command \rhythmandkey with sig. 's O{\nicefrac {2}{4}} m m' on line
. 1.
.................................................
.................................................
. LaTeX info: "xparse/define-command"
. 
. Defining command \repetition with sig. 'm' on line 1.
.................................................
.................................................
. LaTeX info: "xparse/redefine-environment"
. 
. Redefining environment 'verse' with sig. 'm' on line 1.
.................................................
.................................................
. LaTeX info: "xparse/define-environment"
. 
. Defining environment 'sidenote' with sig. 'm O{0.5\textwidth }' on line 1.
.................................................
Package babel Info: Redefining dutch shorthand "|
(babel)             in language  on input line 1.
Package babel Info: Redefining dutch shorthand "~
(babel)             in language  on input line 1.
Package babel Info: Redefining dutch shorthand "|
(babel)             in language  on input line 1.
Package babel Info: Redefining dutch shorthand "~
(babel)             in language  on input line 1.
 [12

]
Package babel Info: Redefining dutch shorthand "|
(babel)             in language  on input line 1.
Package babel Info: Redefining dutch shorthand "~
(babel)             in language  on input line 1.
.................................................
. LaTeX info: "xparse/define-command"
. 
. Defining command \insertitem with sig. 'm' on line 3.
.................................................
.................................................
. LaTeX info: "xparse/define-command"
. 
. Defining command \measure with sig. 's o >{\SplitList {;}}m o' on line 3.
.................................................

Underfull \hbox (badness 10000) in paragraph at lines 11--15

 []


Underfull \hbox (badness 10000) in paragraph at lines 18--22

 []


Underfull \hbox (badness 10000) in paragraph at lines 25--31

 []


Underfull \hbox (badness 10000) in paragraph at lines 33--35

 []

Package babel Info: Redefining dutch shorthand "|
(babel)             in language  on input line 36.
Package babel Info: Redefining dutch shorthand "~
(babel)             in language  on input line 36.
Package babel Info: Redefining dutch shorthand "|
(babel)             in language  on input line 36.
Package babel Info: Redefining dutch shorthand "~
(babel)             in language  on input line 36.
[13

] Excluding 'translation' comment.)
Package atveryend Info: Empty hook `BeforeClearDocument' on input line 22.
Package atveryend Info: Empty hook `AfterLastShipout' on input line 22.
 (./festivalbundel.aux)
Package atveryend Info: Executing hook `AtVeryEndDocument' on input line 22.
Package atveryend Info: Executing hook `AtEndAfterFileList' on input line 22.
Package rerunfilecheck Info: File `festivalbundel.out' has not changed.
(rerunfilecheck)             Checksum: 005984C6CF5D7BA86718EA101726DAB2;1196.
 ) 
Here is how much of TeX's memory you used:
 19926 strings out of 493014
 315252 string characters out of 6139325
 414759 words of memory out of 5000000
 23173 multiletter control sequences out of 15000+600000
 46666 words of font info for 70 fonts, out of 8000000 for 9000
 1141 hyphenation exceptions out of 8191
 41i,12n,45p,10387b,609s stack positions out of 5000i,500n,10000p,200000b,80000s
{/usr/share/texmf-dist/fonts/enc/dvips/cm-super/cm-super-t1.enc}{/usr/share/t
exmf-dist/fonts/enc/dvips/base/8r.enc}</usr/share/texmf-dist/fonts/type1/public
/amsfonts/cm/cmmi8.pfb></usr/share/texmf-dist/fonts/type1/public/amsfonts/cm/cm
r6.pfb></usr/share/texmf-dist/fonts/type1/public/amsfonts/cm/cmsy10.pfb></usr/s
hare/texmf-dist/fonts/type1/public/amsfonts/cm/cmsy8.pfb></usr/share/texmf-dist
/fonts/type1/public/cm-super/sfbi0500.pfb></usr/share/texmf-dist/fonts/type1/pu
blic/cm-super/sfbi0700.pfb></usr/share/texmf-dist/fonts/type1/public/cm-super/s
frm0700.pfb></usr/share/texmf-dist/fonts/type1/public/cm-super/sfti0700.pfb></u
sr/share/texmf-dist/fonts/type1/urw/helvetic/uhvb8a.pfb></usr/share/texmf-dist/
fonts/type1/urw/helvetic/uhvr8a.pfb></usr/share/texmf-dist/fonts/type1/urw/helv
etic/uhvro8a.pfb>
Output written on festivalbundel.pdf (13 pages, 133094 bytes).
PDF statistics:
 156 PDF objects out of 1000 (max. 8388607)
 128 compressed objects within 2 object streams
 22 named destinations out of 1000 (max. 500000)
 65 words of extra memory for PDF output out of 10000 (max. 10000000)

