This is pdfTeX, Version 3.14159265-2.6-1.40.15 (MiKTeX 2.9 64-bit) (preloaded format=pdflatex 2015.10.9)  20 OCT 2015 16:15
entering extended mode
**"C:/Users/s145229/Dropbox/Tuna muziekbundel/bundel v0.3/Tunabundel.tex"
("C:/Users/s145229/Dropbox/Tuna muziekbundel/bundel v0.3/Tunabundel.tex"
LaTeX2e <2014/05/01>
Babel <3.9l> and hyphenation patterns for 6 languages loaded.
("C:\Program Files\MiKTeX 2.9\tex\latex\base\article.cls"
Document Class: article 2014/09/29 v1.4h Standard LaTeX document class
("C:\Program Files\MiKTeX 2.9\tex\latex\base\size11.clo"
File: size11.clo 2014/09/29 v1.4h Standard LaTeX file (size option)
)
\c@part=\count79
\c@section=\count80
\c@subsection=\count81
\c@subsubsection=\count82
\c@paragraph=\count83
\c@subparagraph=\count84
\c@figure=\count85
\c@table=\count86
\abovecaptionskip=\skip41
\belowcaptionskip=\skip42
\bibindent=\dimen102
) (tunaChords.sty
Package: tunaChords 

("C:\Program Files\MiKTeX 2.9\tex\latex\geometry\geometry.sty"
Package: geometry 2010/09/12 v5.6 Page Geometry

("C:\Program Files\MiKTeX 2.9\tex\latex\graphics\keyval.sty"
Package: keyval 2014/10/28 v1.15 key=value parser (DPC)
\KV@toks@=\toks14
)
("C:\Program Files\MiKTeX 2.9\tex\generic\oberdiek\ifpdf.sty"
Package: ifpdf 2011/01/30 v2.3 Provides the ifpdf switch (HO)
Package ifpdf Info: pdfTeX in PDF mode is detected.
)
("C:\Program Files\MiKTeX 2.9\tex\generic\oberdiek\ifvtex.sty"
Package: ifvtex 2010/03/01 v1.5 Detect VTeX and its facilities (HO)
Package ifvtex Info: VTeX not detected.
)
("C:\Program Files\MiKTeX 2.9\tex\generic\ifxetex\ifxetex.sty"
Package: ifxetex 2010/09/12 v0.6 Provides ifxetex conditional
)
\Gm@cnth=\count87
\Gm@cntv=\count88
\c@Gm@tempcnt=\count89
\Gm@bindingoffset=\dimen103
\Gm@wd@mp=\dimen104
\Gm@odd@mp=\dimen105
\Gm@even@mp=\dimen106
\Gm@layoutwidth=\dimen107
\Gm@layoutheight=\dimen108
\Gm@layouthoffset=\dimen109
\Gm@layoutvoffset=\dimen110
\Gm@dimlist=\toks15

("C:\Program Files\MiKTeX 2.9\tex\latex\geometry\geometry.cfg"))
("C:\Program Files\MiKTeX 2.9\tex\latex\fancyhdr\fancyhdr.sty"
\fancy@headwidth=\skip43
\f@ncyO@elh=\skip44
\f@ncyO@erh=\skip45
\f@ncyO@olh=\skip46
\f@ncyO@orh=\skip47
\f@ncyO@elf=\skip48
\f@ncyO@erf=\skip49
\f@ncyO@olf=\skip50
\f@ncyO@orf=\skip51
)
("C:\Program Files\MiKTeX 2.9\tex\latex\base\fontenc.sty"
Package: fontenc 2005/09/27 v1.99g Standard LaTeX package

("C:\Program Files\MiKTeX 2.9\tex\latex\base\t1enc.def"
File: t1enc.def 2005/09/27 v1.99g Standard LaTeX file
LaTeX Font Info:    Redeclaring font encoding T1 on input line 43.
))
("C:\Program Files\MiKTeX 2.9\tex\latex\paralist\paralist.sty"
Package: paralist 2013/06/09 v2.4 Extended list environments
\pltopsep=\skip52
\plpartopsep=\skip53
\plitemsep=\skip54
\plparsep=\skip55
\pl@lab=\toks16
)
("C:\Program Files\MiKTeX 2.9\tex\latex\tools\tabularx.sty"
Package: tabularx 2014/10/28 v2.10 `tabularx' package (DPC)

("C:\Program Files\MiKTeX 2.9\tex\latex\tools\array.sty"
Package: array 2014/10/28 v2.4c Tabular extension package (FMi)
\col@sep=\dimen111
\extrarowheight=\dimen112
\NC@list=\toks17
\extratabsurround=\skip56
\backup@length=\skip57
)
\TX@col@width=\dimen113
\TX@old@table=\dimen114
\TX@old@col=\dimen115
\TX@target=\dimen116
\TX@delta=\dimen117
\TX@cols=\count90
\TX@ftn=\toks18
)
("C:\Program Files\MiKTeX 2.9\tex\latex\bigfoot\suffix.sty"
Package: suffix 2006/07/15 1.5a Variant command support
)
("C:\Program Files\MiKTeX 2.9\tex\latex\tocloft\tocloft.sty"
Package: tocloft 2013/05/02 v2.3f parameterised ToC, etc., typesetting
Package tocloft Info: The document has section divisions on input line 44.
\cftparskip=\skip58
\cftbeforetoctitleskip=\skip59
\cftaftertoctitleskip=\skip60
\cftbeforepartskip=\skip61
\cftpartnumwidth=\skip62
\cftpartindent=\skip63
\cftbeforesecskip=\skip64
\cftsecindent=\skip65
\cftsecnumwidth=\skip66
\cftbeforesubsecskip=\skip67
\cftsubsecindent=\skip68
\cftsubsecnumwidth=\skip69
\cftbeforesubsubsecskip=\skip70
\cftsubsubsecindent=\skip71
\cftsubsubsecnumwidth=\skip72
\cftbeforeparaskip=\skip73
\cftparaindent=\skip74
\cftparanumwidth=\skip75
\cftbeforesubparaskip=\skip76
\cftsubparaindent=\skip77
\cftsubparanumwidth=\skip78
\cftbeforeloftitleskip=\skip79
\cftafterloftitleskip=\skip80
\cftbeforefigskip=\skip81
\cftfigindent=\skip82
\cftfignumwidth=\skip83
\c@lofdepth=\count91
\c@lotdepth=\count92
\cftbeforelottitleskip=\skip84
\cftafterlottitleskip=\skip85
\cftbeforetabskip=\skip86
\cfttabindent=\skip87
\cfttabnumwidth=\skip88
)
("C:\Program Files\MiKTeX 2.9\tex\latex\graphics\color.sty"
Package: color 2014/10/28 v1.1a Standard LaTeX Color (DPC)

("C:\Program Files\MiKTeX 2.9\tex\latex\00miktex\color.cfg"
File: color.cfg 2007/01/18 v1.5 color configuration of teTeX/TeXLive
)
Package color Info: Driver file: pdftex.def on input line 137.

("C:\Program Files\MiKTeX 2.9\tex\latex\pdftex-def\pdftex.def"
File: pdftex.def 2011/05/27 v0.06d Graphics/color for pdfTeX

("C:\Program Files\MiKTeX 2.9\tex\generic\oberdiek\infwarerr.sty"
Package: infwarerr 2010/04/08 v1.3 Providing info/warning/error messages (HO)
)
("C:\Program Files\MiKTeX 2.9\tex\generic\oberdiek\ltxcmds.sty"
Package: ltxcmds 2011/11/09 v1.22 LaTeX kernel commands for general use (HO)
)
\Gread@gobject=\count93
))
("C:\Program Files\MiKTeX 2.9\tex\latex\xcolor\xcolor.sty"
Package: xcolor 2007/01/21 v2.11 LaTeX color extensions (UK)

("C:\Program Files\MiKTeX 2.9\tex\latex\00miktex\color.cfg"
File: color.cfg 2007/01/18 v1.5 color configuration of teTeX/TeXLive
)
Package xcolor Info: Package option `usenames' ignored on input line 216.
Package xcolor Info: Driver file: pdftex.def on input line 225.
LaTeX Info: Redefining \color on input line 702.
Package xcolor Info: Model `cmy' substituted by `cmy0' on input line 1337.
Package xcolor Info: Model `hsb' substituted by `rgb' on input line 1341.
Package xcolor Info: Model `RGB' extended on input line 1353.
Package xcolor Info: Model `HTML' substituted by `rgb' on input line 1355.
Package xcolor Info: Model `Hsb' substituted by `hsb' on input line 1356.
Package xcolor Info: Model `tHsb' substituted by `hsb' on input line 1357.
Package xcolor Info: Model `HSB' substituted by `hsb' on input line 1358.
Package xcolor Info: Model `Gray' substituted by `gray' on input line 1359.
Package xcolor Info: Model `wave' substituted by `hsb' on input line 1360.

("C:\Program Files\MiKTeX 2.9\tex\latex\graphics\dvipsnam.def"
File: dvipsnam.def 2014/10/14 v3.0j Driver-dependent file (DPC,SPQR)
))
("C:\Program Files\MiKTeX 2.9\tex\latex\babel\babel.sty"
Package: babel 2014/09/25 3.9l The Babel package

*************************************
* Local config file bblopts.cfg used
*
("C:\Program Files\MiKTeX 2.9\tex\latex\00miktex\bblopts.cfg"
File: bblopts.cfg 2006/07/31 v1.0 MiKTeX 'babel' configuration
)
("C:\Program Files\MiKTeX 2.9\tex\latex\babel-spanish\spanish.ldf"
Language: spanish.ldf 2014/04/24 v5.0n Spanish support from the babel system

("C:\Program Files\MiKTeX 2.9\tex\latex\babel\babel.def"
File: babel.def 2014/09/25 3.9l Babel common definitions
\babel@savecnt=\count94
\U@D=\dimen118
)

Package babel Warning: No hyphenation patterns were preloaded for
(babel)                the language `Spanish' into the format.
(babel)                Please, configure your TeX system to add them and
(babel)                rebuild the format. Now I will use the patterns
(babel)                preloaded for english instead on input line 51.

\l@spanish = a dialect from \language0
\es@quottoks=\toks19
\es@quotdepth=\count95
Package babel Info: Making " an active character on input line 516.
Package babel Info: Making . an active character on input line 617.
Package babel Info: Making < an active character on input line 662.
Package babel Info: Making > an active character on input line 662.
)) ("C:\Program Files\MiKTeX 2.9\tex\latex\units\units.sty"
Package: units 1998/08/04 v0.9b Typesetting units

("C:\Program Files\MiKTeX 2.9\tex\latex\base\ifthen.sty"
Package: ifthen 2014/09/29 v1.1c Standard LaTeX ifthen package (DPC)
)
("C:\Program Files\MiKTeX 2.9\tex\latex\units\nicefrac.sty"
Package: nicefrac 1998/08/04 v0.9b Nice fractions
\L@UnitsRaiseDisplaystyle=\skip89
\L@UnitsRaiseTextstyle=\skip90
\L@UnitsRaiseScriptstyle=\skip91
))
("C:\Program Files\MiKTeX 2.9\tex\latex\marginnote\marginnote.sty"
Package: marginnote 2012/03/29 v1.1i non floating margin notes for LaTeX
\c@mn@abspage=\count96
)
("C:\Program Files\MiKTeX 2.9\tex\latex\changepage\changepage.sty"
Package: changepage 2009/10/20 v1.0c check page and change page layout
\c@cp@cntr=\count97
\cp@tempcnt=\count98
)
("C:\Program Files\MiKTeX 2.9\tex\latex\base\inputenc.sty"
Package: inputenc 2014/04/30 v1.2b Input encoding file
\inpenc@prehook=\toks20
\inpenc@posthook=\toks21

("C:\Program Files\MiKTeX 2.9\tex\latex\base\utf8.def"
File: utf8.def 2014/09/29 v1.1m UTF-8 support for inputenc
Now handling font encoding OML ...
... no UTF-8 mapping file for font encoding OML
Now handling font encoding T1 ...
... processing UTF-8 mapping file for font encoding T1

("C:\Program Files\MiKTeX 2.9\tex\latex\base\t1enc.dfu"
File: t1enc.dfu 2014/09/29 v1.1m UTF-8 support for inputenc
   defining Unicode char U+00A1 (decimal 161)
   defining Unicode char U+00A3 (decimal 163)
   defining Unicode char U+00AB (decimal 171)
   defining Unicode char U+00BB (decimal 187)
   defining Unicode char U+00BF (decimal 191)
   defining Unicode char U+00C0 (decimal 192)
   defining Unicode char U+00C1 (decimal 193)
   defining Unicode char U+00C2 (decimal 194)
   defining Unicode char U+00C3 (decimal 195)
   defining Unicode char U+00C4 (decimal 196)
   defining Unicode char U+00C5 (decimal 197)
   defining Unicode char U+00C6 (decimal 198)
   defining Unicode char U+00C7 (decimal 199)
   defining Unicode char U+00C8 (decimal 200)
   defining Unicode char U+00C9 (decimal 201)
   defining Unicode char U+00CA (decimal 202)
   defining Unicode char U+00CB (decimal 203)
   defining Unicode char U+00CC (decimal 204)
   defining Unicode char U+00CD (decimal 205)
   defining Unicode char U+00CE (decimal 206)
   defining Unicode char U+00CF (decimal 207)
   defining Unicode char U+00D0 (decimal 208)
   defining Unicode char U+00D1 (decimal 209)
   defining Unicode char U+00D2 (decimal 210)
   defining Unicode char U+00D3 (decimal 211)
   defining Unicode char U+00D4 (decimal 212)
   defining Unicode char U+00D5 (decimal 213)
   defining Unicode char U+00D6 (decimal 214)
   defining Unicode char U+00D8 (decimal 216)
   defining Unicode char U+00D9 (decimal 217)
   defining Unicode char U+00DA (decimal 218)
   defining Unicode char U+00DB (decimal 219)
   defining Unicode char U+00DC (decimal 220)
   defining Unicode char U+00DD (decimal 221)
   defining Unicode char U+00DE (decimal 222)
   defining Unicode char U+00DF (decimal 223)
   defining Unicode char U+00E0 (decimal 224)
   defining Unicode char U+00E1 (decimal 225)
   defining Unicode char U+00E2 (decimal 226)
   defining Unicode char U+00E3 (decimal 227)
   defining Unicode char U+00E4 (decimal 228)
   defining Unicode char U+00E5 (decimal 229)
   defining Unicode char U+00E6 (decimal 230)
   defining Unicode char U+00E7 (decimal 231)
   defining Unicode char U+00E8 (decimal 232)
   defining Unicode char U+00E9 (decimal 233)
   defining Unicode char U+00EA (decimal 234)
   defining Unicode char U+00EB (decimal 235)
   defining Unicode char U+00EC (decimal 236)
   defining Unicode char U+00ED (decimal 237)
   defining Unicode char U+00EE (decimal 238)
   defining Unicode char U+00EF (decimal 239)
   defining Unicode char U+00F0 (decimal 240)
   defining Unicode char U+00F1 (decimal 241)
   defining Unicode char U+00F2 (decimal 242)
   defining Unicode char U+00F3 (decimal 243)
   defining Unicode char U+00F4 (decimal 244)
   defining Unicode char U+00F5 (decimal 245)
   defining Unicode char U+00F6 (decimal 246)
   defining Unicode char U+00F8 (decimal 248)
   defining Unicode char U+00F9 (decimal 249)
   defining Unicode char U+00FA (decimal 250)
   defining Unicode char U+00FB (decimal 251)
   defining Unicode char U+00FC (decimal 252)
   defining Unicode char U+00FD (decimal 253)
   defining Unicode char U+00FE (decimal 254)
   defining Unicode char U+00FF (decimal 255)
   defining Unicode char U+0102 (decimal 258)
   defining Unicode char U+0103 (decimal 259)
   defining Unicode char U+0104 (decimal 260)
   defining Unicode char U+0105 (decimal 261)
   defining Unicode char U+0106 (decimal 262)
   defining Unicode char U+0107 (decimal 263)
   defining Unicode char U+010C (decimal 268)
   defining Unicode char U+010D (decimal 269)
   defining Unicode char U+010E (decimal 270)
   defining Unicode char U+010F (decimal 271)
   defining Unicode char U+0110 (decimal 272)
   defining Unicode char U+0111 (decimal 273)
   defining Unicode char U+0118 (decimal 280)
   defining Unicode char U+0119 (decimal 281)
   defining Unicode char U+011A (decimal 282)
   defining Unicode char U+011B (decimal 283)
   defining Unicode char U+011E (decimal 286)
   defining Unicode char U+011F (decimal 287)
   defining Unicode char U+0130 (decimal 304)
   defining Unicode char U+0131 (decimal 305)
   defining Unicode char U+0132 (decimal 306)
   defining Unicode char U+0133 (decimal 307)
   defining Unicode char U+0139 (decimal 313)
   defining Unicode char U+013A (decimal 314)
   defining Unicode char U+013D (decimal 317)
   defining Unicode char U+013E (decimal 318)
   defining Unicode char U+0141 (decimal 321)
   defining Unicode char U+0142 (decimal 322)
   defining Unicode char U+0143 (decimal 323)
   defining Unicode char U+0144 (decimal 324)
   defining Unicode char U+0147 (decimal 327)
   defining Unicode char U+0148 (decimal 328)
   defining Unicode char U+014A (decimal 330)
   defining Unicode char U+014B (decimal 331)
   defining Unicode char U+0150 (decimal 336)
   defining Unicode char U+0151 (decimal 337)
   defining Unicode char U+0152 (decimal 338)
   defining Unicode char U+0153 (decimal 339)
   defining Unicode char U+0154 (decimal 340)
   defining Unicode char U+0155 (decimal 341)
   defining Unicode char U+0158 (decimal 344)
   defining Unicode char U+0159 (decimal 345)
   defining Unicode char U+015A (decimal 346)
   defining Unicode char U+015B (decimal 347)
   defining Unicode char U+015E (decimal 350)
   defining Unicode char U+015F (decimal 351)
   defining Unicode char U+0160 (decimal 352)
   defining Unicode char U+0161 (decimal 353)
   defining Unicode char U+0162 (decimal 354)
   defining Unicode char U+0163 (decimal 355)
   defining Unicode char U+0164 (decimal 356)
   defining Unicode char U+0165 (decimal 357)
   defining Unicode char U+016E (decimal 366)
   defining Unicode char U+016F (decimal 367)
   defining Unicode char U+0170 (decimal 368)
   defining Unicode char U+0171 (decimal 369)
   defining Unicode char U+0178 (decimal 376)
   defining Unicode char U+0179 (decimal 377)
   defining Unicode char U+017A (decimal 378)
   defining Unicode char U+017B (decimal 379)
   defining Unicode char U+017C (decimal 380)
   defining Unicode char U+017D (decimal 381)
   defining Unicode char U+017E (decimal 382)
   defining Unicode char U+200C (decimal 8204)
   defining Unicode char U+2013 (decimal 8211)
   defining Unicode char U+2014 (decimal 8212)
   defining Unicode char U+2018 (decimal 8216)
   defining Unicode char U+2019 (decimal 8217)
   defining Unicode char U+201A (decimal 8218)
   defining Unicode char U+201C (decimal 8220)
   defining Unicode char U+201D (decimal 8221)
   defining Unicode char U+201E (decimal 8222)
   defining Unicode char U+2030 (decimal 8240)
   defining Unicode char U+2031 (decimal 8241)
   defining Unicode char U+2039 (decimal 8249)
   defining Unicode char U+203A (decimal 8250)
   defining Unicode char U+2423 (decimal 9251)
)
Now handling font encoding OT1 ...
... processing UTF-8 mapping file for font encoding OT1

("C:\Program Files\MiKTeX 2.9\tex\latex\base\ot1enc.dfu"
File: ot1enc.dfu 2014/09/29 v1.1m UTF-8 support for inputenc
   defining Unicode char U+00A1 (decimal 161)
   defining Unicode char U+00A3 (decimal 163)
   defining Unicode char U+00B8 (decimal 184)
   defining Unicode char U+00BF (decimal 191)
   defining Unicode char U+00C5 (decimal 197)
   defining Unicode char U+00C6 (decimal 198)
   defining Unicode char U+00D8 (decimal 216)
   defining Unicode char U+00DF (decimal 223)
   defining Unicode char U+00E6 (decimal 230)
   defining Unicode char U+00EC (decimal 236)
   defining Unicode char U+00ED (decimal 237)
   defining Unicode char U+00EE (decimal 238)
   defining Unicode char U+00EF (decimal 239)
   defining Unicode char U+00F8 (decimal 248)
   defining Unicode char U+0131 (decimal 305)
   defining Unicode char U+0141 (decimal 321)
   defining Unicode char U+0142 (decimal 322)
   defining Unicode char U+0152 (decimal 338)
   defining Unicode char U+0153 (decimal 339)
   defining Unicode char U+2013 (decimal 8211)
   defining Unicode char U+2014 (decimal 8212)
   defining Unicode char U+2018 (decimal 8216)
   defining Unicode char U+2019 (decimal 8217)
   defining Unicode char U+201C (decimal 8220)
   defining Unicode char U+201D (decimal 8221)
)
Now handling font encoding OMS ...
... processing UTF-8 mapping file for font encoding OMS

("C:\Program Files\MiKTeX 2.9\tex\latex\base\omsenc.dfu"
File: omsenc.dfu 2014/09/29 v1.1m UTF-8 support for inputenc
   defining Unicode char U+00A7 (decimal 167)
   defining Unicode char U+00B6 (decimal 182)
   defining Unicode char U+00B7 (decimal 183)
   defining Unicode char U+2020 (decimal 8224)
   defining Unicode char U+2021 (decimal 8225)
   defining Unicode char U+2022 (decimal 8226)
)
Now handling font encoding OMX ...
... no UTF-8 mapping file for font encoding OMX
Now handling font encoding U ...
... no UTF-8 mapping file for font encoding U
   defining Unicode char U+00A9 (decimal 169)
   defining Unicode char U+00AA (decimal 170)
   defining Unicode char U+00AE (decimal 174)
   defining Unicode char U+00BA (decimal 186)
   defining Unicode char U+02C6 (decimal 710)
   defining Unicode char U+02DC (decimal 732)
   defining Unicode char U+200C (decimal 8204)
   defining Unicode char U+2026 (decimal 8230)
   defining Unicode char U+2122 (decimal 8482)
   defining Unicode char U+2423 (decimal 9251)
))
("C:\Program Files\MiKTeX 2.9\tex\latex\l3packages\xparse\xparse.sty"
("C:\Program Files\MiKTeX 2.9\tex\latex\l3kernel\expl3.sty"
Package: expl3 2015/03/01 v5547 L3 programming layer (loader) 

("C:\Program Files\MiKTeX 2.9\tex\latex\l3kernel\expl3-code.tex"
Package: expl3 2015/03/01 v5547 L3 programming layer (code) 
L3 Module: l3bootstrap 2015/02/28 v5542 L3 Bootstrap code

("C:\Program Files\MiKTeX 2.9\tex\latex\misc\etex.sty"
Package: etex 2015/03/02 v2.1 eTeX basic definition package (PEB,DPC)
\et@xins=\count99
)
L3 Module: l3names 2015/02/24 v5535 L3 Namespace for primitives
L3 Module: l3basics 2015/01/27 v5500 L3 Basic definitions
L3 Module: l3expan 2014/11/27 v5472 L3 Argument expansion
L3 Module: l3tl 2015/01/27 v5500 L3 Token lists
L3 Module: l3str 2015/03/01 v5545 L3 Strings
L3 Module: l3seq 2014/08/23 v5354 L3 Sequences and stacks
L3 Module: l3int 2015/02/21 v5529 L3 Integers
\c_max_int=\count100
\l_tmpa_int=\count101
\l_tmpb_int=\count102
\g_tmpa_int=\count103
\g_tmpb_int=\count104
L3 Module: l3quark 2014/08/23 v5354 L3 Quarks
L3 Module: l3prg 2014/08/23 v5354 L3 Control structures
\g__prg_map_int=\count105
L3 Module: l3clist 2014/08/23 v5354 L3 Comma separated lists
L3 Module: l3token 2014/09/15 v5422 L3 Experimental token manipulation
L3 Module: l3prop 2014/08/23 v5354 L3 Property lists
L3 Module: l3msg 2015/02/26 v5537 L3 Messages
L3 Module: l3file 2014/08/24 v5369 L3 File and I/O operations
\l_iow_line_count_int=\count106
\l__iow_target_count_int=\count107
\l__iow_current_line_int=\count108
\l__iow_current_word_int=\count109
\l__iow_current_indentation_int=\count110
L3 Module: l3skip 2014/08/23 v5354 L3 Dimensions and skips
\c_zero_dim=\dimen119
\c_max_dim=\dimen120
\l_tmpa_dim=\dimen121
\l_tmpb_dim=\dimen122
\g_tmpa_dim=\dimen123
\g_tmpb_dim=\dimen124
\c_zero_skip=\skip92
\c_max_skip=\skip93
\l_tmpa_skip=\skip94
\l_tmpb_skip=\skip95
\g_tmpa_skip=\skip96
\g_tmpb_skip=\skip97
\c_zero_muskip=\muskip10
\c_max_muskip=\muskip11
\l_tmpa_muskip=\muskip12
\l_tmpb_muskip=\muskip13
\g_tmpa_muskip=\muskip14
\g_tmpb_muskip=\muskip15
L3 Module: l3keys 2015/01/27 v5500 L3 Key-value interfaces
\g__keyval_level_int=\count111
\l_keys_choice_int=\count112
L3 Module: l3fp 2014/08/22 v5336 L3 Floating points
\c__fp_leading_shift_int=\count113
\c__fp_middle_shift_int=\count114
\c__fp_trailing_shift_int=\count115
\c__fp_big_leading_shift_int=\count116
\c__fp_big_middle_shift_int=\count117
\c__fp_big_trailing_shift_int=\count118
\c__fp_Bigg_leading_shift_int=\count119
\c__fp_Bigg_middle_shift_int=\count120
\c__fp_Bigg_trailing_shift_int=\count121
L3 Module: l3box 2014/08/23 v5354 L3 Experimental boxes
\c_empty_box=\box26
\l_tmpa_box=\box27
\l_tmpb_box=\box28
\g_tmpa_box=\box29
\g_tmpb_box=\box30
L3 Module: l3coffins 2014/08/23 v5354 L3 Coffin code layer
\l__coffin_internal_box=\box31
\l__coffin_internal_dim=\dimen125
\l__coffin_offset_x_dim=\dimen126
\l__coffin_offset_y_dim=\dimen127
\l__coffin_x_dim=\dimen128
\l__coffin_y_dim=\dimen129
\l__coffin_x_prime_dim=\dimen130
\l__coffin_y_prime_dim=\dimen131
\c_empty_coffin=\box32
\l__coffin_aligned_coffin=\box33
\l__coffin_aligned_internal_coffin=\box34
\l_tmpa_coffin=\box35
\l_tmpb_coffin=\box36
\l__coffin_display_coffin=\box37
\l__coffin_display_coord_coffin=\box38
\l__coffin_display_pole_coffin=\box39
\l__coffin_display_offset_dim=\dimen132
\l__coffin_display_x_dim=\dimen133
\l__coffin_display_y_dim=\dimen134
L3 Module: l3color 2014/08/23 v5354 L3 Experimental color support
L3 Module: l3candidates 2015/03/01 v5544 L3 Experimental additions to l3kernel
\l__box_top_dim=\dimen135
\l__box_bottom_dim=\dimen136
\l__box_left_dim=\dimen137
\l__box_right_dim=\dimen138
\l__box_top_new_dim=\dimen139
\l__box_bottom_new_dim=\dimen140
\l__box_left_new_dim=\dimen141
\l__box_right_new_dim=\dimen142
\l__box_internal_box=\box40
\l__coffin_bounding_shift_dim=\dimen143
\l__coffin_left_corner_dim=\dimen144
\l__coffin_right_corner_dim=\dimen145
\l__coffin_bottom_corner_dim=\dimen146
\l__coffin_top_corner_dim=\dimen147
\l__coffin_scaled_total_height_dim=\dimen148
\l__coffin_scaled_width_dim=\dimen149
)
("C:\Program Files\MiKTeX 2.9\tex\latex\l3kernel\l3unicode-data.def"
File: l3unicode-data.def 2015/03/01 v5544 L3 Unicode data
)
("C:\Program Files\MiKTeX 2.9\tex\latex\l3kernel\l3pdfmode.def"
File: l3pdfmode.def 2015/03/01 v5544 L3 Experimental driver: PDF mode
\l__driver_color_stack_int=\count122
))
Package: xparse 2014/11/25 v5471 L3 Experimental document command parser
\l__xparse_current_arg_int=\count123
\l__xparse_m_args_int=\count124
\l__xparse_mandatory_args_int=\count125
\l__xparse_processor_int=\count126
\l__xparse_v_nesting_int=\count127
)
("C:\Program Files\MiKTeX 2.9\tex\latex\etoolbox\etoolbox.sty"
Package: etoolbox 2015/03/19 v2.1d e-TeX tools for LaTeX (JAW)
\etb@tempcnta=\count128
)
("C:\Program Files\MiKTeX 2.9\tex\latex\fp\fp.sty"
Package: fp 1995/04/02

`Fixed Point Package', Version 0.8, April 2, 1995 (C) Michael Mehlich
("C:\Program Files\MiKTeX 2.9\tex\latex\fp\defpattern.sty"
Package: defpattern 1994/10/12
\actioncount=\count129
)
("C:\Program Files\MiKTeX 2.9\tex\latex\fp\fp-basic.sty"
Package: fp-basic 1996/05/13
\FP@xs=\count130
\FP@xia=\count131
\FP@xib=\count132
\FP@xfa=\count133
\FP@xfb=\count134
\FP@rega=\count135
\FP@regb=\count136
\FP@regs=\count137
\FP@times=\count138
)
("C:\Program Files\MiKTeX 2.9\tex\latex\fp\fp-addons.sty"
Package: fp-addons 1995/03/15
)
("C:\Program Files\MiKTeX 2.9\tex\latex\fp\fp-snap.sty"
Package: fp-snap 1995/04/05
)
("C:\Program Files\MiKTeX 2.9\tex\latex\fp\fp-exp.sty"
Package: fp-exp 1995/04/03
)
("C:\Program Files\MiKTeX 2.9\tex\latex\fp\fp-trigo.sty"
Package: fp-trigo 1995/04/14
)
("C:\Program Files\MiKTeX 2.9\tex\latex\fp\fp-pas.sty"
Package: fp-pas 1994/08/29
)
("C:\Program Files\MiKTeX 2.9\tex\latex\fp\fp-random.sty"
Package: fp-random 1995/02/23
\FPseed=\count139
)
("C:\Program Files\MiKTeX 2.9\tex\latex\fp\fp-eqn.sty"
Package: fp-eqn 1995/04/03
)
("C:\Program Files\MiKTeX 2.9\tex\latex\fp\fp-upn.sty"
Package: fp-upn 1996/10/21
)
("C:\Program Files\MiKTeX 2.9\tex\latex\fp\fp-eval.sty"
Package: fp-eval 1995/04/03
))
("C:\Program Files\MiKTeX 2.9\tex\latex\float\float.sty"
Package: float 2001/11/08 v1.3d Float enhancements (AL)
\c@float@type=\count140
\float@exts=\toks22
\float@box=\box41
\@float@everytoks=\toks23
\@floatcapt=\box42
)
("C:\Program Files\MiKTeX 2.9\tex\latex\colortbl\colortbl.sty"
Package: colortbl 2012/02/13 v1.0a Color table columns (DPC)
\everycr=\toks24
\minrowclearance=\skip98
)
("C:\Program Files\MiKTeX 2.9\tex\latex\comment\comment.sty"
\CommentStream=\write3

Excluding comment 'comment')
\c@songs=\count141
\c@measures=\count142
\vindent=\skip99
\instrumentalwidth=\skip100
\myoddoffset=\skip101
.................................................
. LaTeX info: "xparse/define-environment"
. 
. Defining environment 'song' with sig. 's O{default} m' on line 146.
.................................................
 Excluding comment 'translation') (Tunabundel.aux
LaTeX Info: Redefining \. on input line 6.
LaTeX Info: Redefining \% on input line 6.
)
LaTeX Font Info:    Checking defaults for OML/cmm/m/it on input line 10.
LaTeX Font Info:    ... okay on input line 10.
LaTeX Font Info:    Checking defaults for T1/cmr/m/n on input line 10.
LaTeX Font Info:    ... okay on input line 10.
LaTeX Font Info:    Checking defaults for OT1/cmr/m/n on input line 10.
LaTeX Font Info:    ... okay on input line 10.
LaTeX Font Info:    Checking defaults for OMS/cmsy/m/n on input line 10.
LaTeX Font Info:    ... okay on input line 10.
LaTeX Font Info:    Checking defaults for OMX/cmex/m/n on input line 10.
LaTeX Font Info:    ... okay on input line 10.
LaTeX Font Info:    Checking defaults for U/cmr/m/n on input line 10.
LaTeX Font Info:    ... okay on input line 10.
LaTeX Font Info:    Try loading font information for T1+phv on input line 10.

(C:\ProgramData\MiKTeX\2.9\tex\latex\psnfss\t1phv.fd
File: t1phv.fd 1998/07/06 Fontinst v1.800 font definitions for T1/phv.
)
*geometry* driver: auto-detecting
*geometry* detected driver: pdftex
*geometry* verbose mode - [ preamble ] result:
* driver: pdftex
* paper: a4paper
* layout: <same size as paper>
* layoutoffset:(h,v)=(0.0pt,0.0pt)
* modes: twoside 
* h-part:(L,W,R)=(71.70166pt, 418.25368pt, 107.55254pt)
* v-part:(T,H,B)=(101.40665pt, 591.5302pt, 152.11pt)
* \paperwidth=597.50787pt
* \paperheight=845.04684pt
* \textwidth=426.0pt
* \textheight=674.0pt
* \oddsidemargin=-0.56833pt
* \evensidemargin=35.28255pt
* \topmargin=-25.0pt
* \headheight=30.2pt
* \headsep=9.42682pt
* \topskip=11.0pt
* \footskip=30.0pt
* \marginparwidth=54.43939pt
* \marginparsep=10.88788pt
* \columnsep=10.0pt
* \skip\footins=10.0pt plus 4.0pt minus 2.0pt
* \hoffset=0.0pt
* \voffset=0.0pt
* \mag=1000
* \@twocolumnfalse
* \@twosidetrue
* \@mparswitchtrue
* \@reversemarginfalse
* (1in=72.27pt=25.4mm, 1cm=28.453pt)

("C:\Program Files\MiKTeX 2.9\tex\context\base\supp-pdf.mkii"
[Loading MPS to PDF converter (version 2006.09.02).]
\scratchcounter=\count143
\scratchdimen=\dimen150
\scratchbox=\box43
\nofMPsegments=\count144
\nofMParguments=\count145
\everyMPshowfont=\toks25
\MPscratchCnt=\count146
\MPscratchDim=\dimen151
\MPnumerator=\count147
\makeMPintoPDFobject=\count148
\everyMPtoPDFconversion=\toks26
)
LaTeX Info: Redefining \. on input line 10.
LaTeX Info: Redefining \% on input line 10.
Package marginnote Info: \pdfoutput not 0 and \pdflastxpos available.
(marginnote)             Extended position detection mode activated.
 (title.tex
LaTeX Font Info:    Font shape `T1/phv/bx/n' in size <10.95> not available
(Font)              Font shape `T1/phv/b/n' tried instead on input line 3.
LaTeX Font Info:    Font shape `T1/phv/bx/n' in size <24.88> not available
(Font)              Font shape `T1/phv/b/n' tried instead on input line 3.
 [1

{C:/Users/s145229/AppData/Local/MiKTeX/2.9/pdftex/config/pdftex.map}])
LaTeX Font Info:    Font shape `T1/phv/bx/n' in size <14.4> not available
(Font)              Font shape `T1/phv/b/n' tried instead on input line 17.
 (Tunabundel.toc
LaTeX Info: Redefining \. on input line 1.
LaTeX Info: Redefining \% on input line 1.
LaTeX Font Info:    External font `cmex10' loaded for size
(Font)              <10.95> on input line 3.
LaTeX Font Info:    External font `cmex10' loaded for size
(Font)              <8> on input line 3.
LaTeX Font Info:    External font `cmex10' loaded for size
(Font)              <6> on input line 3.
)
\tf@toc=\write4
 [2] (spaanse_uitspraak.tex
.................................................
. LaTeX info: "xparse/define-command"
. 
. Defining command \rhythmandkey with sig. 'O{\nicefrac {2}{4}} m m' on line
. 1.
.................................................
.................................................
. LaTeX info: "xparse/define-command"
. 
. Defining command \chord with sig. 's m' on line 1.
.................................................
.................................................
. LaTeX info: "xparse/redefine-environment"
. 
. Redefining environment 'verse' with sig. 'm' on line 1.
.................................................
.................................................
. LaTeX info: "xparse/define-environment"
. 
. Defining environment 'instrumental' with sig. 'm' on line 1.
.................................................
.................................................
. LaTeX info: "xparse/define-command"
. 
. Defining command \measure with sig. 's o >{\SplitList {;}}m o' on line 1.
.................................................
.................................................
. LaTeX info: "xparse/define-command"
. 
. Defining command \insertitem with sig. 'm' on line 1.
.................................................
LaTeX Font Info:    Font shape `T1/phv/bx/n' in size <17.28> not available
(Font)              Font shape `T1/phv/b/n' tried instead on input line 1.

Underfull \hbox (badness 10000) in alignment at lines 38--38
[][] 
 []

[3

]) (adelita.tex
.................................................
. LaTeX info: "xparse/define-command"
. 
. Defining command \rhythmandkey with sig. 'O{\nicefrac {2}{4}} m m' on line
. 1.
.................................................
.................................................
. LaTeX info: "xparse/define-command"
. 
. Defining command \chord with sig. 's m' on line 1.
.................................................
.................................................
. LaTeX info: "xparse/redefine-environment"
. 
. Redefining environment 'verse' with sig. 'm' on line 1.
.................................................
.................................................
. LaTeX info: "xparse/define-environment"
. 
. Defining environment 'instrumental' with sig. 'm' on line 1.
.................................................
.................................................
. LaTeX info: "xparse/define-command"
. 
. Defining command \measure with sig. 's o >{\SplitList {;}}m o' on line 1.
.................................................
.................................................
. LaTeX info: "xparse/define-command"
. 
. Defining command \insertitem with sig. 'm' on line 1.
.................................................
LaTeX Font Info:    External font `cmex10' loaded for size
(Font)              <5> on input line 2.
LaTeX Font Info:    Font shape `T1/phv/bx/n' in size <9> not available
(Font)              Font shape `T1/phv/b/n' tried instead on input line 5.
LaTeX Font Info:    External font `cmex10' loaded for size
(Font)              <9> on input line 6.

Overfull \hbox (9.0pt too wide) in paragraph at lines 4--8
[][]  
 []

[4

]) (no_me_caso.tex
.................................................
. LaTeX info: "xparse/define-command"
. 
. Defining command \rhythmandkey with sig. 'O{\nicefrac {2}{4}} m m' on line
. 1.
.................................................
.................................................
. LaTeX info: "xparse/define-command"
. 
. Defining command \chord with sig. 's m' on line 1.
.................................................
.................................................
. LaTeX info: "xparse/redefine-environment"
. 
. Redefining environment 'verse' with sig. 'm' on line 1.
.................................................
.................................................
. LaTeX info: "xparse/define-environment"
. 
. Defining environment 'instrumental' with sig. 'm' on line 1.
.................................................
.................................................
. LaTeX info: "xparse/define-command"
. 
. Defining command \measure with sig. 's o >{\SplitList {;}}m o' on line 1.
.................................................
.................................................
. LaTeX info: "xparse/define-command"
. 
. Defining command \insertitem with sig. 'm' on line 1.
.................................................
 [5

]) (adios.tex
.................................................
. LaTeX info: "xparse/define-command"
. 
. Defining command \rhythmandkey with sig. 'O{\nicefrac {2}{4}} m m' on line
. 1.
.................................................
.................................................
. LaTeX info: "xparse/define-command"
. 
. Defining command \chord with sig. 's m' on line 1.
.................................................
.................................................
. LaTeX info: "xparse/redefine-environment"
. 
. Redefining environment 'verse' with sig. 'm' on line 1.
.................................................
.................................................
. LaTeX info: "xparse/define-environment"
. 
. Defining environment 'instrumental' with sig. 'm' on line 1.
.................................................
.................................................
. LaTeX info: "xparse/define-command"
. 
. Defining command \measure with sig. 's o >{\SplitList {;}}m o' on line 1.
.................................................
.................................................
. LaTeX info: "xparse/define-command"
. 
. Defining command \insertitem with sig. 'm' on line 1.
.................................................

Overfull \hbox (9.0pt too wide) in paragraph at lines 4--15
[][]  
 []

[6

] Excluding 'translation' comment.) (fonseca.tex
.................................................
. LaTeX info: "xparse/define-command"
. 
. Defining command \rhythmandkey with sig. 'O{\nicefrac {2}{4}} m m' on line
. 1.
.................................................
.................................................
. LaTeX info: "xparse/define-command"
. 
. Defining command \chord with sig. 's m' on line 1.
.................................................
.................................................
. LaTeX info: "xparse/redefine-environment"
. 
. Redefining environment 'verse' with sig. 'm' on line 1.
.................................................
.................................................
. LaTeX info: "xparse/define-environment"
. 
. Defining environment 'instrumental' with sig. 'm' on line 1.
.................................................
.................................................
. LaTeX info: "xparse/define-command"
. 
. Defining command \measure with sig. 's o >{\SplitList {;}}m o' on line 1.
.................................................
.................................................
. LaTeX info: "xparse/define-command"
. 
. Defining command \insertitem with sig. 'm' on line 1.
.................................................
 [7

]
Excluding 'translation' comment.) (aguas.tex
.................................................
. LaTeX info: "xparse/define-command"
. 
. Defining command \rhythmandkey with sig. 'O{\nicefrac {2}{4}} m m' on line
. 1.
.................................................
.................................................
. LaTeX info: "xparse/define-command"
. 
. Defining command \chord with sig. 's m' on line 1.
.................................................
.................................................
. LaTeX info: "xparse/redefine-environment"
. 
. Redefining environment 'verse' with sig. 'm' on line 1.
.................................................
.................................................
. LaTeX info: "xparse/define-environment"
. 
. Defining environment 'instrumental' with sig. 'm' on line 1.
.................................................
.................................................
. LaTeX info: "xparse/define-command"
. 
. Defining command \measure with sig. 's o >{\SplitList {;}}m o' on line 1.
.................................................
.................................................
. LaTeX info: "xparse/define-command"
. 
. Defining command \insertitem with sig. 'm' on line 1.
.................................................
 [8

] [9]) (alma_llanera.tex
.................................................
. LaTeX info: "xparse/define-command"
. 
. Defining command \rhythmandkey with sig. 'O{\nicefrac {2}{4}} m m' on line
. 1.
.................................................
.................................................
. LaTeX info: "xparse/define-command"
. 
. Defining command \chord with sig. 's m' on line 1.
.................................................
.................................................
. LaTeX info: "xparse/redefine-environment"
. 
. Redefining environment 'verse' with sig. 'm' on line 1.
.................................................
.................................................
. LaTeX info: "xparse/define-environment"
. 
. Defining environment 'instrumental' with sig. 'm' on line 1.
.................................................
.................................................
. LaTeX info: "xparse/define-command"
. 
. Defining command \measure with sig. 's o >{\SplitList {;}}m o' on line 1.
.................................................
.................................................
. LaTeX info: "xparse/define-command"
. 
. Defining command \insertitem with sig. 'm' on line 1.
.................................................

Overfull \hbox (9.0pt too wide) in paragraph at lines 8--11
[][]  
 []

[10

]
Overfull \hbox (9.0pt too wide) in paragraph at lines 40--43
[][]  
 []

[11]) (aqui_esta.tex
.................................................
. LaTeX info: "xparse/define-command"
. 
. Defining command \rhythmandkey with sig. 'O{\nicefrac {2}{4}} m m' on line
. 1.
.................................................
.................................................
. LaTeX info: "xparse/define-command"
. 
. Defining command \chord with sig. 's m' on line 1.
.................................................
.................................................
. LaTeX info: "xparse/redefine-environment"
. 
. Redefining environment 'verse' with sig. 'm' on line 1.
.................................................
.................................................
. LaTeX info: "xparse/define-environment"
. 
. Defining environment 'instrumental' with sig. 'm' on line 1.
.................................................
.................................................
. LaTeX info: "xparse/define-command"
. 
. Defining command \measure with sig. 's o >{\SplitList {;}}m o' on line 1.
.................................................
.................................................
. LaTeX info: "xparse/define-command"
. 
. Defining command \insertitem with sig. 'm' on line 1.
.................................................

Overfull \hbox (9.0pt too wide) in paragraph at lines 3--9
[][]  
 []


Overfull \hbox (9.0pt too wide) in paragraph at lines 25--30
[][]  
 []

[12

] [13

] Excluding 'translation' comment.) (la_banda.tex
.................................................
. LaTeX info: "xparse/define-command"
. 
. Defining command \rhythmandkey with sig. 'O{\nicefrac {2}{4}} m m' on line
. 3.
.................................................
.................................................
. LaTeX info: "xparse/define-command"
. 
. Defining command \chord with sig. 's m' on line 3.
.................................................
.................................................
. LaTeX info: "xparse/redefine-environment"
. 
. Redefining environment 'verse' with sig. 'm' on line 3.
.................................................
.................................................
. LaTeX info: "xparse/define-environment"
. 
. Defining environment 'instrumental' with sig. 'm' on line 3.
.................................................
.................................................
. LaTeX info: "xparse/define-command"
. 
. Defining command \measure with sig. 's o >{\SplitList {;}}m o' on line 3.
.................................................
.................................................
. LaTeX info: "xparse/define-command"
. 
. Defining command \insertitem with sig. 'm' on line 3.
.................................................
 [14

]) (calatayud.tex
.................................................
. LaTeX info: "xparse/define-command"
. 
. Defining command \rhythmandkey with sig. 'O{\nicefrac {2}{4}} m m' on line
. 1.
.................................................
.................................................
. LaTeX info: "xparse/define-command"
. 
. Defining command \chord with sig. 's m' on line 1.
.................................................
.................................................
. LaTeX info: "xparse/redefine-environment"
. 
. Redefining environment 'verse' with sig. 'm' on line 1.
.................................................
.................................................
. LaTeX info: "xparse/define-environment"
. 
. Defining environment 'instrumental' with sig. 'm' on line 1.
.................................................
.................................................
. LaTeX info: "xparse/define-command"
. 
. Defining command \measure with sig. 's o >{\SplitList {;}}m o' on line 1.
.................................................
.................................................
. LaTeX info: "xparse/define-command"
. 
. Defining command \insertitem with sig. 'm' on line 1.
.................................................

[15

] [16]) (clavelitos.tex
.................................................
. LaTeX info: "xparse/define-command"
. 
. Defining command \rhythmandkey with sig. 'O{\nicefrac {2}{4}} m m' on line
. 1.
.................................................
.................................................
. LaTeX info: "xparse/define-command"
. 
. Defining command \chord with sig. 's m' on line 1.
.................................................
.................................................
. LaTeX info: "xparse/redefine-environment"
. 
. Redefining environment 'verse' with sig. 'm' on line 1.
.................................................
.................................................
. LaTeX info: "xparse/define-environment"
. 
. Defining environment 'instrumental' with sig. 'm' on line 1.
.................................................
.................................................
. LaTeX info: "xparse/define-command"
. 
. Defining command \measure with sig. 's o >{\SplitList {;}}m o' on line 1.
.................................................
.................................................
. LaTeX info: "xparse/define-command"
. 
. Defining command \insertitem with sig. 'm' on line 1.
.................................................

Overfull \hbox (9.0pt too wide) in paragraph at lines 3--7
[][]  
 []

[17

] [18]) (guantanamera.tex
.................................................
. LaTeX info: "xparse/define-command"
. 
. Defining command \rhythmandkey with sig. 'O{\nicefrac {2}{4}} m m' on line
. 1.
.................................................
.................................................
. LaTeX info: "xparse/define-command"
. 
. Defining command \chord with sig. 's m' on line 1.
.................................................
.................................................
. LaTeX info: "xparse/redefine-environment"
. 
. Redefining environment 'verse' with sig. 'm' on line 1.
.................................................
.................................................
. LaTeX info: "xparse/define-environment"
. 
. Defining environment 'instrumental' with sig. 'm' on line 1.
.................................................
.................................................
. LaTeX info: "xparse/define-command"
. 
. Defining command \measure with sig. 's o >{\SplitList {;}}m o' on line 1.
.................................................
.................................................
. LaTeX info: "xparse/define-command"
. 
. Defining command \insertitem with sig. 'm' on line 1.
.................................................
 [19

] [20] Excluding 'translation' comment.)
(hoy_estoy_aqui.tex
.................................................
. LaTeX info: "xparse/define-command"
. 
. Defining command \rhythmandkey with sig. 'O{\nicefrac {2}{4}} m m' on line
. 1.
.................................................
.................................................
. LaTeX info: "xparse/define-command"
. 
. Defining command \chord with sig. 's m' on line 1.
.................................................
.................................................
. LaTeX info: "xparse/redefine-environment"
. 
. Redefining environment 'verse' with sig. 'm' on line 1.
.................................................
.................................................
. LaTeX info: "xparse/define-environment"
. 
. Defining environment 'instrumental' with sig. 'm' on line 1.
.................................................
.................................................
. LaTeX info: "xparse/define-command"
. 
. Defining command \measure with sig. 's o >{\SplitList {;}}m o' on line 1.
.................................................
.................................................
. LaTeX info: "xparse/define-command"
. 
. Defining command \insertitem with sig. 'm' on line 1.
.................................................

Overfull \hbox (9.0pt too wide) in paragraph at lines 4--10
[][]  
 []


Overfull \hbox (9.0pt too wide) in paragraph at lines 11--18
[][]  
 []

[21

]) (naranjitay.tex
.................................................
. LaTeX info: "xparse/define-command"
. 
. Defining command \rhythmandkey with sig. 'O{\nicefrac {2}{4}} m m' on line
. 1.
.................................................
.................................................
. LaTeX info: "xparse/define-command"
. 
. Defining command \chord with sig. 's m' on line 1.
.................................................
.................................................
. LaTeX info: "xparse/redefine-environment"
. 
. Redefining environment 'verse' with sig. 'm' on line 1.
.................................................
.................................................
. LaTeX info: "xparse/define-environment"
. 
. Defining environment 'instrumental' with sig. 'm' on line 1.
.................................................
.................................................
. LaTeX info: "xparse/define-command"
. 
. Defining command \measure with sig. 's o >{\SplitList {;}}m o' on line 1.
.................................................
.................................................
. LaTeX info: "xparse/define-command"
. 
. Defining command \insertitem with sig. 'm' on line 1.
.................................................

Overfull \hbox (9.0pt too wide) in paragraph at lines 4--8
[][]  
 []

[22

]) (perfidia.tex
.................................................
. LaTeX info: "xparse/define-command"
. 
. Defining command \rhythmandkey with sig. 'O{\nicefrac {2}{4}} m m' on line
. 1.
.................................................
.................................................
. LaTeX info: "xparse/define-command"
. 
. Defining command \chord with sig. 's m' on line 1.
.................................................
.................................................
. LaTeX info: "xparse/redefine-environment"
. 
. Redefining environment 'verse' with sig. 'm' on line 1.
.................................................
.................................................
. LaTeX info: "xparse/define-environment"
. 
. Defining environment 'instrumental' with sig. 'm' on line 1.
.................................................
.................................................
. LaTeX info: "xparse/define-command"
. 
. Defining command \measure with sig. 's o >{\SplitList {;}}m o' on line 1.
.................................................
.................................................
. LaTeX info: "xparse/define-command"
. 
. Defining command \insertitem with sig. 'm' on line 1.
.................................................
 [23

] [24]) (piel_canela.tex
.................................................
. LaTeX info: "xparse/define-command"
. 
. Defining command \rhythmandkey with sig. 'O{\nicefrac {2}{4}} m m' on line
. 1.
.................................................
.................................................
. LaTeX info: "xparse/define-command"
. 
. Defining command \chord with sig. 's m' on line 1.
.................................................
.................................................
. LaTeX info: "xparse/redefine-environment"
. 
. Redefining environment 'verse' with sig. 'm' on line 1.
.................................................
.................................................
. LaTeX info: "xparse/define-environment"
. 
. Defining environment 'instrumental' with sig. 'm' on line 1.
.................................................
.................................................
. LaTeX info: "xparse/define-command"
. 
. Defining command \measure with sig. 's o >{\SplitList {;}}m o' on line 1.
.................................................
.................................................
. LaTeX info: "xparse/define-command"
. 
. Defining command \insertitem with sig. 'm' on line 1.
.................................................
 [25

] [26]
Excluding 'translation' comment.) (quiero_ser_como_tu.tex
.................................................
. LaTeX info: "xparse/define-command"
. 
. Defining command \rhythmandkey with sig. 'O{\nicefrac {2}{4}} m m' on line
. 1.
.................................................
.................................................
. LaTeX info: "xparse/define-command"
. 
. Defining command \chord with sig. 's m' on line 1.
.................................................
.................................................
. LaTeX info: "xparse/redefine-environment"
. 
. Redefining environment 'verse' with sig. 'm' on line 1.
.................................................
.................................................
. LaTeX info: "xparse/define-environment"
. 
. Defining environment 'instrumental' with sig. 'm' on line 1.
.................................................
.................................................
. LaTeX info: "xparse/define-command"
. 
. Defining command \measure with sig. 's o >{\SplitList {;}}m o' on line 1.
.................................................
.................................................
. LaTeX info: "xparse/define-command"
. 
. Defining command \insertitem with sig. 'm' on line 1.
.................................................
 [27

]) (rondalla.tex
.................................................
. LaTeX info: "xparse/define-command"
. 
. Defining command \rhythmandkey with sig. 'O{\nicefrac {2}{4}} m m' on line
. 1.
.................................................
.................................................
. LaTeX info: "xparse/define-command"
. 
. Defining command \chord with sig. 's m' on line 1.
.................................................
.................................................
. LaTeX info: "xparse/redefine-environment"
. 
. Redefining environment 'verse' with sig. 'm' on line 1.
.................................................
.................................................
. LaTeX info: "xparse/define-environment"
. 
. Defining environment 'instrumental' with sig. 'm' on line 1.
.................................................
.................................................
. LaTeX info: "xparse/define-command"
. 
. Defining command \measure with sig. 's o >{\SplitList {;}}m o' on line 1.
.................................................
.................................................
. LaTeX info: "xparse/define-command"
. 
. Defining command \insertitem with sig. 'm' on line 1.
.................................................

Overfull \hbox (9.0pt too wide) in paragraph at lines 3--6
[][] 
 []

[28

] [29] Excluding 'translation' comment.) (san_cayetano.tex
.................................................
. LaTeX info: "xparse/define-command"
. 
. Defining command \rhythmandkey with sig. 'O{\nicefrac {2}{4}} m m' on line
. 1.
.................................................
.................................................
. LaTeX info: "xparse/define-command"
. 
. Defining command \chord with sig. 's m' on line 1.
.................................................
.................................................
. LaTeX info: "xparse/redefine-environment"
. 
. Redefining environment 'verse' with sig. 'm' on line 1.
.................................................
.................................................
. LaTeX info: "xparse/define-environment"
. 
. Defining environment 'instrumental' with sig. 'm' on line 1.
.................................................
.................................................
. LaTeX info: "xparse/define-command"
. 
. Defining command \measure with sig. 's o >{\SplitList {;}}m o' on line 1.
.................................................
.................................................
. LaTeX info: "xparse/define-command"
. 
. Defining command \insertitem with sig. 'm' on line 1.
.................................................

Overfull \hbox (9.0pt too wide) in paragraph at lines 3--9
[][]  
 []

[30

]) (siete_amores.tex
.................................................
. LaTeX info: "xparse/define-command"
. 
. Defining command \rhythmandkey with sig. 'O{\nicefrac {2}{4}} m m' on line
. 1.
.................................................
.................................................
. LaTeX info: "xparse/define-command"
. 
. Defining command \chord with sig. 's m' on line 1.
.................................................
.................................................
. LaTeX info: "xparse/redefine-environment"
. 
. Redefining environment 'verse' with sig. 'm' on line 1.
.................................................
.................................................
. LaTeX info: "xparse/define-environment"
. 
. Defining environment 'instrumental' with sig. 'm' on line 1.
.................................................
.................................................
. LaTeX info: "xparse/define-command"
. 
. Defining command \measure with sig. 's o >{\SplitList {;}}m o' on line 1.
.................................................
.................................................
. LaTeX info: "xparse/define-command"
. 
. Defining command \insertitem with sig. 'm' on line 1.
.................................................
 [31

] [32]) (sirena.tex
.................................................
. LaTeX info: "xparse/define-command"
. 
. Defining command \rhythmandkey with sig. 'O{\nicefrac {2}{4}} m m' on line
. 1.
.................................................
.................................................
. LaTeX info: "xparse/define-command"
. 
. Defining command \chord with sig. 's m' on line 1.
.................................................
.................................................
. LaTeX info: "xparse/redefine-environment"
. 
. Redefining environment 'verse' with sig. 'm' on line 1.
.................................................
.................................................
. LaTeX info: "xparse/define-environment"
. 
. Defining environment 'instrumental' with sig. 'm' on line 1.
.................................................
.................................................
. LaTeX info: "xparse/define-command"
. 
. Defining command \measure with sig. 's o >{\SplitList {;}}m o' on line 1.
.................................................
.................................................
. LaTeX info: "xparse/define-command"
. 
. Defining command \insertitem with sig. 'm' on line 1.
.................................................

Underfull \hbox (badness 10000) in paragraph at lines 5--5
\T1/phv/m/n/10.95 alleen
 []


Underfull \hbox (badness 10000) in paragraph at lines 5--5
\T1/phv/m/n/10.95 gi-taar
 []


Underfull \hbox (badness 10000) in paragraph at lines 5--6
[]|\T1/phv/m/n/10.95 daarna
 []


Overfull \hbox (9.0pt too wide) in paragraph at lines 4--11
[][]  
 []

[33

] [34] Excluding 'translation' comment.) (venezuela.tex
.................................................
. LaTeX info: "xparse/define-command"
. 
. Defining command \rhythmandkey with sig. 'O{\nicefrac {2}{4}} m m' on line
. 1.
.................................................
.................................................
. LaTeX info: "xparse/define-command"
. 
. Defining command \chord with sig. 's m' on line 1.
.................................................
.................................................
. LaTeX info: "xparse/redefine-environment"
. 
. Redefining environment 'verse' with sig. 'm' on line 1.
.................................................
.................................................
. LaTeX info: "xparse/define-environment"
. 
. Defining environment 'instrumental' with sig. 'm' on line 1.
.................................................
.................................................
. LaTeX info: "xparse/define-command"
. 
. Defining command \measure with sig. 's o >{\SplitList {;}}m o' on line 1.
.................................................
.................................................
. LaTeX info: "xparse/define-command"
. 
. Defining command \insertitem with sig. 'm' on line 1.
.................................................
 [35

] [36]
Excluding 'translation' comment.) (Tunabundel.aux
LaTeX Info: Redefining \. on input line 6.
LaTeX Info: Redefining \% on input line 6.
) ) 
Here is how much of TeX's memory you used:
 11188 strings out of 495232
 189920 string characters out of 3180854
 273585 words of memory out of 3000000
 14195 multiletter control sequences out of 15000+200000
 36824 words of font info for 49 fonts, out of 3000000 for 9000
 54 hyphenation exceptions out of 8191
 45i,12n,45p,10444b,518s stack positions out of 5000i,500n,10000p,200000b,50000s
{C:/Program Files/MiKTeX 2.9/fonts/enc/dvips/cm-super/cm-super-t1.enc}{C:/Pr
ogram Files/MiKTeX 2.9/fonts/enc/dvips/fontname/8r.enc}<C:/Program Files/MiKTeX
 2.9/fonts/type1/public/amsfonts/cm/cmmi10.pfb><C:/Program Files/MiKTeX 2.9/fon
ts/type1/public/amsfonts/cm/cmmi9.pfb><C:/Program Files/MiKTeX 2.9/fonts/type1/
public/amsfonts/cm/cmr10.pfb><C:/Program Files/MiKTeX 2.9/fonts/type1/public/am
sfonts/cm/cmr8.pfb><C:/Program Files/MiKTeX 2.9/fonts/type1/public/amsfonts/cm/
cmsy10.pfb><C:/Program Files/MiKTeX 2.9/fonts/type1/public/amsfonts/cm/cmsy9.pf
b><C:/Program Files/MiKTeX 2.9/fonts/type1/public/cm-super/sfbi0600.pfb><C:/Pro
gram Files/MiKTeX 2.9/fonts/type1/public/cm-super/sfbi0800.pfb><C:/Program File
s/MiKTeX 2.9/fonts/type1/public/cm-super/sfrm0800.pfb><C:/Program Files/MiKTeX 
2.9/fonts/type1/public/cm-super/sfti0800.pfb><C:/Program Files/MiKTeX 2.9/fonts
/type1/urw/helvetic/uhvb8a.pfb><C:/Program Files/MiKTeX 2.9/fonts/type1/urw/hel
vetic/uhvr8a.pfb><C:/Program Files/MiKTeX 2.9/fonts/type1/urw/helvetic/uhvro8a.
pfb>
Output written on Tunabundel.pdf (36 pages, 198248 bytes).
PDF statistics:
 171 PDF objects out of 1000 (max. 8388607)
 0 named destinations out of 1000 (max. 500000)
 1 words of extra memory for PDF output out of 10000 (max. 10000000)

