\BOOKMARK [1][-]{section*.1}{\376\377\0001\000.\000\040\000A\000d\000e\000l\000i\000t\000a\000\040}{}% 1
\BOOKMARK [1][-]{section*.2}{\376\377\0002\000.\000\040\000N\000o\000\040\000m\000e\000\040\000c\000a\000s\000o\000\040}{}% 2
\BOOKMARK [1][-]{section*.3}{\376\377\0003\000.\000\040\000A\000g\000u\000a\000s\000\040\000D\000o\000\040\000D\000\343\000o\000\040}{}% 3
\BOOKMARK [1][-]{section*.4}{\376\377\0004\000.\000\040\000A\000l\000m\000a\000,\000\040\000c\000o\000r\000a\000z\000o\000n\000\040\000y\000\040\000v\000i\000d\000a\000\040}{}% 4
\BOOKMARK [1][-]{section*.5}{\376\377\0005\000.\000\040\000A\000l\000m\000a\000\040\000l\000l\000a\000n\000e\000r\000a\000\040}{}% 5
\BOOKMARK [1][-]{section*.6}{\376\377\0006\000.\000\040\000A\000m\000o\000r\000\040\000d\000e\000\040\000m\000i\000s\000\040\000a\000m\000o\000r\000e\000s\000\040}{}% 6
\BOOKMARK [1][-]{section*.7}{\376\377\0007\000.\000\040\000A\000q\000u\000\355\000\040\000e\000s\000t\000a\000\040\000l\000a\000\040\000T\000u\000n\000a\000\040}{}% 7
\BOOKMARK [1][-]{section*.8}{\376\377\0008\000.\000\040\000L\000a\000\040\000A\000u\000r\000o\000r\000a\000\040}{}% 8
\BOOKMARK [1][-]{section*.9}{\376\377\0009\000.\000\040\000L\000a\000\040\000B\000a\000n\000d\000a\000\040}{}% 9
\BOOKMARK [1][-]{section*.10}{\376\377\0001\0000\000.\000\040\000B\000e\000s\000a\000m\000e\000\040\000M\000u\000c\000h\000o\000\040}{}% 10
\BOOKMARK [1][-]{section*.11}{\376\377\0001\0001\000.\000\040\000L\000a\000\040\000B\000i\000k\000i\000n\000a\000\040}{}% 11
\BOOKMARK [1][-]{section*.12}{\376\377\0001\0002\000.\000\040\000C\000a\000l\000a\000t\000a\000y\000u\000d\000\040}{}% 12
\BOOKMARK [1][-]{section*.13}{\376\377\0001\0003\000.\000\040\000C\000a\000l\000l\000e\000s\000\040\000s\000i\000n\000\040\000r\000u\000m\000b\000o\000\040}{}% 13
\BOOKMARK [1][-]{section*.14}{\376\377\0001\0004\000.\000\040\000C\000a\000n\000t\000a\000r\000\040\000d\000e\000\040\000E\000m\000i\000g\000r\000a\000c\000\343\000o\000\040}{}% 14
\BOOKMARK [1][-]{section*.15}{\376\377\0001\0005\000.\000\040\000C\000i\000e\000l\000i\000t\000o\000\040\000L\000i\000n\000d\000o\000\040}{}% 15
\BOOKMARK [1][-]{section*.16}{\376\377\0001\0006\000.\000\040\000L\000a\000s\000\040\000c\000i\000n\000t\000a\000s\000\040\000d\000e\000\040\000m\000i\000\040\000c\000a\000p\000a\000\040}{}% 16
\BOOKMARK [1][-]{section*.17}{\376\377\0001\0007\000.\000\040\000C\000l\000a\000v\000e\000l\000i\000t\000o\000s\000\040}{}% 17
\BOOKMARK [1][-]{section*.18}{\376\377\0001\0008\000.\000\040\000D\000e\000s\000p\000i\000e\000r\000t\000a\000\040}{}% 18
\BOOKMARK [1][-]{section*.19}{\376\377\0001\0009\000.\000\040\000D\000o\000n\000\040\000Q\000u\000i\000j\000o\000t\000e\000\040}{}% 19
\BOOKMARK [1][-]{section*.20}{\376\377\0002\0000\000.\000\040\000E\000-\0001\0000\000\040\000S\000u\000i\000t\000e\000,\000\040\000L\000a\000\040\000R\000o\000n\000d\000a\000\040\000d\000e\000\040\000M\000a\000r\000u\000i\000q\000i\000l\000l\000a\000\040}{}% 20
\BOOKMARK [1][-]{section*.21}{\376\377\0002\0001\000.\000\040\000E\000l\000s\000a\000\040}{}% 21
\BOOKMARK [1][-]{section*.22}{\376\377\0002\0002\000.\000\040\000E\000s\000t\000r\000e\000l\000l\000i\000t\000a\000\040\000d\000e\000l\000\040\000S\000u\000r\000\040}{}% 22
\BOOKMARK [1][-]{section*.23}{\376\377\0002\0003\000.\000\040\000E\000s\000t\000u\000d\000i\000a\000n\000t\000i\000n\000a\000\040\000M\000a\000d\000r\000i\000l\000e\000\361\000a\000\040}{}% 23
\BOOKMARK [1][-]{section*.24}{\376\377\0002\0004\000.\000\040\000A\000d\000i\000o\000s\000\040}{}% 24
\BOOKMARK [1][-]{section*.25}{\376\377\0002\0005\000.\000\040\000F\000o\000n\000s\000e\000c\000a\000\040}{}% 25
\BOOKMARK [1][-]{section*.26}{\376\377\0002\0006\000.\000\040\000G\000u\000a\000n\000t\000a\000n\000a\000m\000e\000r\000a\000\040}{}% 26
\BOOKMARK [1][-]{section*.27}{\376\377\0002\0007\000.\000\040\000H\000o\000y\000\040\000e\000s\000t\000o\000y\000\040\000a\000q\000u\000i\000\040}{}% 27
\BOOKMARK [1][-]{section*.28}{\376\377\0002\0008\000.\000\040\000M\000a\000n\000o\000l\000o\000\040}{}% 28
\BOOKMARK [1][-]{section*.29}{\376\377\0002\0009\000.\000\040\000M\000o\000l\000i\000e\000n\000d\000o\000\040\000c\000a\000f\000\351\000\040}{}% 29
\BOOKMARK [1][-]{section*.30}{\376\377\0003\0000\000.\000\040\000N\000a\000r\000a\000n\000j\000i\000t\000a\000y\000\040}{}% 30
\BOOKMARK [1][-]{section*.31}{\376\377\0003\0001\000.\000\040\000L\000a\000\040\000P\000a\000l\000o\000m\000a\000\040}{}% 31
\BOOKMARK [1][-]{section*.32}{\376\377\0003\0002\000.\000\040\000P\000\341\000r\000a\000t\000e\000\040}{}% 32
\BOOKMARK [1][-]{section*.33}{\376\377\0003\0003\000.\000\040\000E\000l\000\040\000P\000a\000r\000a\000n\000d\000e\000r\000o\000\040}{}% 33
\BOOKMARK [1][-]{section*.34}{\376\377\0003\0004\000.\000\040\000P\000e\000r\000f\000i\000d\000i\000a\000\040}{}% 34
\BOOKMARK [1][-]{section*.35}{\376\377\0003\0005\000.\000\040\000P\000i\000e\000l\000\040\000C\000a\000n\000e\000l\000a\000\040}{}% 35
\BOOKMARK [1][-]{section*.36}{\376\377\0003\0006\000.\000\040\000P\000o\000c\000o\000\040\000a\000\040\000P\000o\000c\000o\000\040\000\050\000C\000a\000n\000c\000i\000\363\000n\000\040\000d\000e\000\040\000H\000u\000a\000y\000n\000o\000\051\000\040}{}% 36
\BOOKMARK [1][-]{section*.37}{\376\377\0003\0007\000.\000\040\000L\000u\000z\000\040\000d\000e\000\040\000A\000m\000a\000n\000e\000c\000e\000r\000\040}{}% 37
\BOOKMARK [1][-]{section*.38}{\376\377\0003\0008\000.\000\040\000Q\000u\000i\000e\000r\000o\000\040\000s\000e\000r\000\040\000c\000o\000m\000o\000\040\000t\000u\000\040}{}% 38
\BOOKMARK [1][-]{section*.39}{\376\377\0003\0009\000.\000\040\000R\000e\000c\000u\000e\000r\000d\000o\000s\000\040\000B\000o\000l\000i\000v\000i\000a\000n\000o\000s\000\040}{}% 39
\BOOKMARK [1][-]{section*.40}{\376\377\0004\0000\000.\000\040\000R\000o\000n\000d\000a\000l\000l\000a\000\040}{}% 40
\BOOKMARK [1][-]{section*.41}{\376\377\0004\0001\000.\000\040\000S\000a\000n\000\040\000C\000a\000y\000e\000t\000a\000n\000o\000\040}{}% 41
\BOOKMARK [1][-]{section*.42}{\376\377\0004\0002\000.\000\040\000S\000i\000e\000t\000e\000\040\000A\000m\000o\000r\000e\000s\000\040\000\050\000I\000s\000a\000\051\000\040}{}% 42
\BOOKMARK [1][-]{section*.43}{\376\377\0004\0003\000.\000\040\000L\000a\000\040\000S\000i\000r\000e\000n\000a\000\040}{}% 43
\BOOKMARK [1][-]{section*.44}{\376\377\0004\0004\000.\000\040\000E\000l\000\040\000T\000o\000r\000e\000r\000o\000\040}{}% 44
\BOOKMARK [1][-]{section*.45}{\376\377\0004\0005\000.\000\040\000T\000u\000n\000a\000\040\000d\000e\000\040\000I\000n\000g\000e\000n\000i\000e\000r\000o\000s\000\040}{}% 45
\BOOKMARK [1][-]{section*.46}{\376\377\0004\0006\000.\000\040\000V\000e\000n\000e\000z\000u\000e\000l\000a\000\040\000\050\000E\000l\000\040\000A\000d\000i\000\363\000s\000\040\000\340\000\040\000l\000a\000\040\000l\000l\000a\000n\000e\000r\000a\000\051\000\040}{}% 46
